"D:/GameDev/Unreal/Quake/Content/Blueprints/Player/BP_GameController.uasset" 0
"D:/GameDev/Unreal/Quake/Content/Blueprints/Player/BP_GameController.uexp" 1
"D:/GameDev/Unreal/Quake/Content/Assets/UI/T_HealthBar.uasset" 2
"D:/GameDev/Unreal/Quake/Content/Assets/UI/T_HealthBar.uexp" 3
"D:/GameDev/Unreal/Quake/Content/Assets/UI/M_StackedProgressBar.uasset" 4
"D:/GameDev/Unreal/Quake/Content/Assets/UI/M_StackedProgressBar.uexp" 5
"D:/GameDev/Unreal/Quake/Content/Assets/UI/MI_HealthBar.uasset" 6
"D:/GameDev/Unreal/Quake/Content/Assets/UI/MI_HealthBar.uexp" 7
"D:/GameDev/Unreal/Quake/Content/Blueprints/UI/HUD/WBP_StackedProgressBar.uasset" 8
"D:/GameDev/Unreal/Quake/Content/Blueprints/UI/HUD/WBP_StackedProgressBar.uexp" 9
"D:/GameDev/Unreal/Quake/Content/Assets/UI/MI_ShieldBar.uasset" 10
"D:/GameDev/Unreal/Quake/Content/Assets/UI/MI_ShieldBar.uexp" 11
"D:/GameDev/Unreal/Quake/Content/Blueprints/UI/HUD/WBP_ShieldBar.uasset" 12
"D:/GameDev/Unreal/Quake/Content/Blueprints/UI/HUD/WBP_ShieldBar.uexp" 13
"D:/GameDev/Unreal/Quake/Content/Blueprints/UI/HUD/WBP_HealthBar.uasset" 14
"D:/GameDev/Unreal/Quake/Content/Blueprints/UI/HUD/WBP_HealthBar.uexp" 15
"D:/GameDev/Unreal/Quake/Content/Blueprints/UI/HUD/WBP_HealthAndShieldBar.uasset" 16
"D:/GameDev/Unreal/Quake/Content/Blueprints/UI/HUD/WBP_HealthAndShieldBar.uexp" 17
"D:/GameDev/Unreal/Quake/Content/Assets/UI/T_CrosshairPoint_D.uasset" 18
"D:/GameDev/Unreal/Quake/Content/Assets/UI/T_CrosshairPoint_D.uexp" 19
"D:/GameDev/Unreal/Quake/Content/Blueprints/UI/HUD/WBP_Crosshair.uasset" 20
"D:/GameDev/Unreal/Quake/Content/Blueprints/UI/HUD/WBP_Crosshair.uexp" 21
"D:/GameDev/Unreal/Quake/Content/Assets/UI/RocketAmmo.uasset" 22
"D:/GameDev/Unreal/Quake/Content/Assets/UI/RocketAmmo.uexp" 23
"D:/GameDev/Unreal/Quake/Content/Blueprints/UI/HUD/WBP_Ammo.uasset" 24
"D:/GameDev/Unreal/Quake/Content/Blueprints/UI/HUD/WBP_Ammo.uexp" 25
"D:/GameDev/Unreal/Quake/Content/Blueprints/UI/HUD/HUD_Player.uasset" 26
"D:/GameDev/Unreal/Quake/Content/Blueprints/UI/HUD/HUD_Player.uexp" 27
"D:/GameDev/Unreal/Quake/Content/Blueprints/UI/Menus/MainMenu/WBP_SessionButton.uasset" 28
"D:/GameDev/Unreal/Quake/Content/Blueprints/UI/Menus/MainMenu/WBP_SessionButton.uexp" 29
"../../../Engine/Content/EditorBlueprintResources/StandardMacros.uasset" 30
"../../../Engine/Content/EditorBlueprintResources/StandardMacros.uexp" 31
"D:/GameDev/Unreal/Quake/Content/Blueprints/UI/Menus/MainMenu/WBP_SessionsList.uasset" 32
"D:/GameDev/Unreal/Quake/Content/Blueprints/UI/Menus/MainMenu/WBP_SessionsList.uexp" 33
"D:/GameDev/Unreal/Quake/Content/Blueprints/UI/Menus/MainMenu/WBP_CreateJoinSession.uasset" 34
"D:/GameDev/Unreal/Quake/Content/Blueprints/UI/Menus/MainMenu/WBP_CreateJoinSession.uexp" 35
"D:/GameDev/Unreal/Quake/Content/Blueprints/UI/Menus/MainMenu/WBP_MainMenu.uasset" 36
"D:/GameDev/Unreal/Quake/Content/Blueprints/UI/Menus/MainMenu/WBP_MainMenu.uexp" 37
"D:/GameDev/Unreal/Quake/Content/Blueprints/UI/Menus/MainMenu/HUD_MainMenu.uasset" 38
"D:/GameDev/Unreal/Quake/Content/Blueprints/UI/Menus/MainMenu/HUD_MainMenu.uexp" 39
"D:/GameDev/Unreal/Quake/Content/StarterContent/Audio/Starter_Birds01.uasset" 40
"D:/GameDev/Unreal/Quake/Content/StarterContent/Audio/Starter_Birds01.uexp" 41
"D:/GameDev/Unreal/Quake/Content/StarterContent/Audio/Starter_Wind05.uasset" 42
"D:/GameDev/Unreal/Quake/Content/StarterContent/Audio/Starter_Wind05.uexp" 43
"D:/GameDev/Unreal/Quake/Content/StarterContent/Audio/Starter_Wind06.uasset" 44
"D:/GameDev/Unreal/Quake/Content/StarterContent/Audio/Starter_Wind06.uexp" 45
"../../../Engine/Content/Functions/Engine_MaterialFunctions01/Opacity/CameraDepthFade.uasset" 46
"../../../Engine/Content/Functions/Engine_MaterialFunctions01/Opacity/CameraDepthFade.uexp" 47
"../../../Engine/Content/EngineMaterials/T_Default_Material_Grid_N.uasset" 48
"../../../Engine/Content/EngineMaterials/T_Default_Material_Grid_N.uexp" 49
"../../../Engine/Content/EngineMaterials/T_Default_Material_Grid_N.ubulk" 50
"../../../Engine/Content/EngineMaterials/T_Default_Material_Grid_M.uasset" 51
"../../../Engine/Content/EngineMaterials/T_Default_Material_Grid_M.uexp" 52
"../../../Engine/Content/EngineMaterials/T_Default_Material_Grid_M.ubulk" 53
"../../../Engine/Content/EngineMaterials/WorldGridMaterial.uasset" 54
"../../../Engine/Content/EngineMaterials/WorldGridMaterial.uexp" 55
"../../../Engine/Content/ArtTools/RenderToTexture/Meshes/S_1_Unit_Plane.uasset" 56
"../../../Engine/Content/ArtTools/RenderToTexture/Meshes/S_1_Unit_Plane.uexp" 57
"../../../Engine/Content/EngineMaterials/DefaultMaterial.uasset" 58
"../../../Engine/Content/EngineMaterials/DefaultMaterial.uexp" 59
"../../../Engine/Content/BasicShapes/Cone.uasset" 60
"../../../Engine/Content/BasicShapes/Cone.uexp" 61
"../../../Engine/Content/BasicShapes/Cube.uasset" 62
"../../../Engine/Content/BasicShapes/Cube.uexp" 63
"../../../Engine/Content/BasicShapes/Plane.uasset" 64
"../../../Engine/Content/BasicShapes/Plane.uexp" 65
"../../../Engine/Content/BasicShapes/Sphere.uasset" 66
"../../../Engine/Content/BasicShapes/Sphere.uexp" 67
"../../../Engine/Content/EditorLandscapeResources/DataLayer.uasset" 68
"../../../Engine/Content/EditorLandscapeResources/DataLayer.uexp" 69
"../../../Engine/Content/EditorLandscapeResources/DefaultAlphaTexture.uasset" 70
"../../../Engine/Content/EditorLandscapeResources/DefaultAlphaTexture.uexp" 71
"../../../Engine/Content/EditorMaterials/MAT_Groups_Toggle.uasset" 72
"../../../Engine/Content/EditorMaterials/MAT_Groups_Toggle.uexp" 73
"../../../Engine/Content/EditorMaterials/MAT_Groups_Visibility.uasset" 74
"../../../Engine/Content/EditorMaterials/MAT_Groups_Visibility.uexp" 75
"../../../Engine/Content/EditorMaterials/PreviewShadowIndicator.uasset" 76
"../../../Engine/Content/EditorMaterials/PreviewShadowIndicator.uexp" 77
"../../../Engine/Content/EditorMaterials/PreviewShadowIndicator.ubulk" 78
"../../../Engine/Content/EditorMaterials/PreviewShadowIndicatorMaterial.uasset" 79
"../../../Engine/Content/EditorMaterials/PreviewShadowIndicatorMaterial.uexp" 80
"../../../Engine/Content/EditorMaterials/MatineeGroups/MAT_ColorTrack.uasset" 81
"../../../Engine/Content/EditorMaterials/MatineeGroups/MAT_ColorTrack.uexp" 82
"../../../Engine/Content/EditorMaterials/MatineeGroups/MAT_Groups_Anim.uasset" 83
"../../../Engine/Content/EditorMaterials/MatineeGroups/MAT_Groups_Anim.uexp" 84
"../../../Engine/Content/EditorMaterials/MatineeGroups/MAT_Groups_AudioMaster.uasset" 85
"../../../Engine/Content/EditorMaterials/MatineeGroups/MAT_Groups_AudioMaster.uexp" 86
"../../../Engine/Content/EditorMaterials/MatineeGroups/MAT_Groups_Director.uasset" 87
"../../../Engine/Content/EditorMaterials/MatineeGroups/MAT_Groups_Director.uexp" 88
"../../../Engine/Content/EditorMaterials/MatineeGroups/MAT_Groups_Event.uasset" 89
"../../../Engine/Content/EditorMaterials/MatineeGroups/MAT_Groups_Event.uexp" 90
"../../../Engine/Content/EditorMaterials/MatineeGroups/MAT_Groups_Fade.uasset" 91
"../../../Engine/Content/EditorMaterials/MatineeGroups/MAT_Groups_Fade.uexp" 92
"../../../Engine/Content/EditorMaterials/MatineeGroups/MAT_Groups_Float.uasset" 93
"../../../Engine/Content/EditorMaterials/MatineeGroups/MAT_Groups_Float.uexp" 94
"../../../Engine/Content/EditorMaterials/MatineeGroups/MAT_Groups_Move.uasset" 95
"../../../Engine/Content/EditorMaterials/MatineeGroups/MAT_Groups_Move.uexp" 96
"../../../Engine/Content/EditorMaterials/MatineeGroups/MAT_Groups_Slomo.uasset" 97
"../../../Engine/Content/EditorMaterials/MatineeGroups/MAT_Groups_Slomo.uexp" 98
"../../../Engine/Content/EditorMaterials/MatineeGroups/MAT_Groups_Sound.uasset" 99
"../../../Engine/Content/EditorMaterials/MatineeGroups/MAT_Groups_Sound.uexp" 100
"../../../Engine/Content/EditorMaterials/MatineeGroups/MAT_Groups_Vector.uasset" 101
"../../../Engine/Content/EditorMaterials/MatineeGroups/MAT_Groups_Vector.uexp" 102
"../../../Engine/Content/EditorMaterials/ParticleSystems/PSysThumbnail_NoImage.uasset" 103
"../../../Engine/Content/EditorMaterials/ParticleSystems/PSysThumbnail_NoImage.uexp" 104
"../../../Engine/Content/EditorMaterials/ParticleSystems/PSysThumbnail_NoImage.ubulk" 105
"../../../Engine/Content/EditorMaterials/ParticleSystems/PSysThumbnail_OOD.uasset" 106
"../../../Engine/Content/EditorMaterials/ParticleSystems/PSysThumbnail_OOD.uexp" 107
"../../../Engine/Content/EditorMaterials/ParticleSystems/PSysThumbnail_OOD.ubulk" 108
"../../../Engine/Content/EditorMaterials/Camera/CineMat.uasset" 109
"../../../Engine/Content/EditorMaterials/Camera/CineMat.uexp" 110
"../../../Engine/Content/EditorMaterials/Camera/MI_CineMat_Rig.uasset" 111
"../../../Engine/Content/EditorMaterials/Camera/MI_CineMat_Rig.uexp" 112
"../../../Engine/Content/EditorMeshes/Camera/SM_CraneRig_Arm.uasset" 113
"../../../Engine/Content/EditorMeshes/Camera/SM_CraneRig_Arm.uexp" 114
"../../../Engine/Content/EditorMeshes/Camera/SM_CraneRig_Base.uasset" 115
"../../../Engine/Content/EditorMeshes/Camera/SM_CraneRig_Base.uexp" 116
"../../../Engine/Content/EditorMeshes/Camera/SM_CraneRig_Body.uasset" 117
"../../../Engine/Content/EditorMeshes/Camera/SM_CraneRig_Body.uexp" 118
"../../../Engine/Content/EditorMeshes/Camera/SM_CraneRig_Mount.uasset" 119
"../../../Engine/Content/EditorMeshes/Camera/SM_CraneRig_Mount.uexp" 120
"../../../Engine/Content/EditorMeshes/Camera/SM_RailRig_Mount.uasset" 121
"../../../Engine/Content/EditorMeshes/Camera/SM_RailRig_Mount.uexp" 122
"../../../Engine/Content/EditorMeshes/Camera/SM_RailRig_Track.uasset" 123
"../../../Engine/Content/EditorMeshes/Camera/SM_RailRig_Track.uexp" 124
"../../../Engine/Content/EditorResources/BSPVertex.uasset" 125
"../../../Engine/Content/EditorResources/BSPVertex.uexp" 126
"../../../Engine/Content/EditorResources/EmptyActor.uasset" 127
"../../../Engine/Content/EditorResources/EmptyActor.uexp" 128
"../../../Engine/Content/EditorResources/S_Actor.uasset" 129
"../../../Engine/Content/EditorResources/S_Actor.uexp" 130
"../../../Engine/Content/EditorResources/S_Actor.ubulk" 131
"../../../Engine/Content/EditorResources/S_Note.uasset" 132
"../../../Engine/Content/EditorResources/S_Note.uexp" 133
"../../../Engine/Content/EditorResources/S_Note.ubulk" 134
"../../../Engine/Content/EditorResources/S_Solver.uasset" 135
"../../../Engine/Content/EditorResources/S_Solver.uexp" 136
"../../../Engine/Content/EditorResources/S_Solver.ubulk" 137
"../../../Engine/Content/EditorResources/S_Terrain.uasset" 138
"../../../Engine/Content/EditorResources/S_Terrain.uexp" 139
"../../../Engine/Content/EditorResources/S_Terrain.ubulk" 140
"../../../Engine/Content/EditorResources/S_Trigger.uasset" 141
"../../../Engine/Content/EditorResources/S_Trigger.uexp" 142
"../../../Engine/Content/EditorResources/S_Trigger.ubulk" 143
"../../../Engine/Content/EditorResources/AudioIcons/S_AudioComponent_AutoActivate.uasset" 144
"../../../Engine/Content/EditorResources/AudioIcons/S_AudioComponent_AutoActivate.uexp" 145
"../../../Engine/Content/EditorResources/AudioIcons/S_AudioComponent_AutoActivate.ubulk" 146
"../../../Engine/Content/EditorResources/LightIcons/S_LightError.uasset" 147
"../../../Engine/Content/EditorResources/LightIcons/S_LightError.uexp" 148
"../../../Engine/Content/EditorResources/SequenceRecorder/Countdown.uasset" 149
"../../../Engine/Content/EditorResources/SequenceRecorder/Countdown.uexp" 150
"../../../Engine/Content/EditorResources/SequenceRecorder/RecordingIndicator.uasset" 151
"../../../Engine/Content/EditorResources/SequenceRecorder/RecordingIndicator.uexp" 152
"../../../Engine/Content/EngineDamageTypes/DmgTypeBP_Environmental.uasset" 153
"../../../Engine/Content/EngineDamageTypes/DmgTypeBP_Environmental.uexp" 154
"../../../Engine/Content/EngineDebugMaterials/DebugEditorMaterial.uasset" 155
"../../../Engine/Content/EngineDebugMaterials/DebugEditorMaterial.uexp" 156
"../../../Engine/Content/EngineDebugMaterials/DebugMeshMaterial.uasset" 157
"../../../Engine/Content/EngineDebugMaterials/DebugMeshMaterial.uexp" 158
"../../../Engine/Content/EngineDebugMaterials/M_SimpleUnlitTranslucent.uasset" 159
"../../../Engine/Content/EngineDebugMaterials/M_SimpleUnlitTranslucent.uexp" 160
"../../../Engine/Content/EngineDebugMaterials/VolumeToRender.uasset" 161
"../../../Engine/Content/EngineDebugMaterials/VolumeToRender.uexp" 162
"../../../Engine/Content/Functions/Engine_MaterialFunctions02/Utility/CameraDirectionVector.uasset" 163
"../../../Engine/Content/Functions/Engine_MaterialFunctions02/Utility/CameraDirectionVector.uexp" 164
"../../../Engine/Content/EngineDebugMaterials/M_VolumeRenderSphereTracePP.uasset" 165
"../../../Engine/Content/EngineDebugMaterials/M_VolumeRenderSphereTracePP.uexp" 166
"../../../Engine/Content/Functions/Engine_MaterialFunctions01/Shading/ConvertFromDiffSpec.uasset" 167
"../../../Engine/Content/Functions/Engine_MaterialFunctions01/Shading/ConvertFromDiffSpec.uexp" 168
"../../../Engine/Content/EngineDebugMaterials/VertexColorMaterial.uasset" 169
"../../../Engine/Content/EngineDebugMaterials/VertexColorMaterial.uexp" 170
"../../../Engine/Content/EngineDebugMaterials/WireframeMaterial.uasset" 171
"../../../Engine/Content/EngineDebugMaterials/WireframeMaterial.uexp" 172
"../../../Engine/Content/EngineFonts/Faces/RobotoRegular.uasset" 173
"../../../Engine/Content/EngineFonts/Faces/RobotoRegular.uexp" 174
"../../../Engine/Content/EngineFonts/Faces/RobotoRegular.ufont" 175
"../../../Engine/Content/EngineFonts/Faces/RobotoLight.uasset" 176
"../../../Engine/Content/EngineFonts/Faces/RobotoLight.uexp" 177
"../../../Engine/Content/EngineFonts/Faces/RobotoLight.ufont" 178
"../../../Engine/Content/EngineFonts/Faces/RobotoItalic.uasset" 179
"../../../Engine/Content/EngineFonts/Faces/RobotoItalic.uexp" 180
"../../../Engine/Content/EngineFonts/Faces/RobotoItalic.ufont" 181
"../../../Engine/Content/EngineFonts/Faces/RobotoBoldItalic.uasset" 182
"../../../Engine/Content/EngineFonts/Faces/RobotoBoldItalic.uexp" 183
"../../../Engine/Content/EngineFonts/Faces/RobotoBoldItalic.ufont" 184
"../../../Engine/Content/EngineFonts/Faces/RobotoBold.uasset" 185
"../../../Engine/Content/EngineFonts/Faces/RobotoBold.uexp" 186
"../../../Engine/Content/EngineFonts/Faces/RobotoBold.ufont" 187
"../../../Engine/Content/EngineFonts/Faces/DroidSansFallback.uasset" 188
"../../../Engine/Content/EngineFonts/Faces/DroidSansFallback.uexp" 189
"../../../Engine/Content/EngineFonts/Faces/DroidSansFallback.ufont" 190
"../../../Engine/Content/EngineFonts/Roboto.uasset" 191
"../../../Engine/Content/EngineFonts/Roboto.uexp" 192
"../../../Engine/Content/EngineMaterials/BaseFlattenNormalMap.uasset" 193
"../../../Engine/Content/EngineMaterials/BaseFlattenNormalMap.uexp" 194
"../../../Engine/Content/EngineMaterials/BaseFlattenGrayscaleMap.uasset" 195
"../../../Engine/Content/EngineMaterials/BaseFlattenGrayscaleMap.uexp" 196
"../../../Engine/Content/EngineMaterials/BaseFlattenEmissiveMap.uasset" 197
"../../../Engine/Content/EngineMaterials/BaseFlattenEmissiveMap.uexp" 198
"../../../Engine/Content/EngineMaterials/BaseFlattenDiffuseMap.uasset" 199
"../../../Engine/Content/EngineMaterials/BaseFlattenDiffuseMap.uexp" 200
"../../../Engine/Content/EngineMaterials/BaseFlattenMaterial.uasset" 201
"../../../Engine/Content/EngineMaterials/BaseFlattenMaterial.uexp" 202
"../../../Engine/Content/EngineMaterials/BlueNoise.uasset" 203
"../../../Engine/Content/EngineMaterials/BlueNoise.uexp" 204
"../../../Engine/Content/EngineMaterials/DefaultBloomKernel.uasset" 205
"../../../Engine/Content/EngineMaterials/DefaultBloomKernel.uexp" 206
"../../../Engine/Content/EngineMaterials/DefaultBokeh.uasset" 207
"../../../Engine/Content/EngineMaterials/DefaultBokeh.uexp" 208
"../../../Engine/Content/EngineMaterials/DefaultDiffuse.uasset" 209
"../../../Engine/Content/EngineMaterials/DefaultDiffuse.uexp" 210
"../../../Engine/Content/EngineMaterials/DefaultDiffuse.ubulk" 211
"../../../Engine/Content/EngineMaterials/DefaultDeferredDecalMaterial.uasset" 212
"../../../Engine/Content/EngineMaterials/DefaultDeferredDecalMaterial.uexp" 213
"../../../Engine/Content/EngineMaterials/DefaultLightFunctionMaterial.uasset" 214
"../../../Engine/Content/EngineMaterials/DefaultLightFunctionMaterial.uexp" 215
"../../../Engine/Content/EngineMaterials/DefaultPhysicalMaterial.uasset" 216
"../../../Engine/Content/EngineMaterials/DefaultPhysicalMaterial.uexp" 217
"../../../Engine/Content/Functions/Engine_MaterialFunctions02/Utility/BreakOutFloat2Components.uasset" 218
"../../../Engine/Content/Functions/Engine_MaterialFunctions02/Utility/BreakOutFloat2Components.uexp" 219
"../../../Engine/Content/EngineMaterials/DefaultPostProcessMaterial.uasset" 220
"../../../Engine/Content/EngineMaterials/DefaultPostProcessMaterial.uexp" 221
"../../../Engine/Content/EngineFonts/RobotoDistanceField.uasset" 222
"../../../Engine/Content/EngineFonts/RobotoDistanceField.uexp" 223
"../../../Engine/Content/EngineMaterials/DefaultTextMaterialOpaque.uasset" 224
"../../../Engine/Content/EngineMaterials/DefaultTextMaterialOpaque.uexp" 225
"../../../Engine/Content/EngineMaterials/DefaultWhiteGrid.uasset" 226
"../../../Engine/Content/EngineMaterials/DefaultWhiteGrid.uexp" 227
"../../../Engine/Content/EngineMaterials/DefaultWhiteGrid.ubulk" 228
"../../../Engine/Content/EngineMaterials/DefaultWhiteGrid_Low.uasset" 229
"../../../Engine/Content/EngineMaterials/DefaultWhiteGrid_Low.uexp" 230
"../../../Engine/Content/EngineMaterials/EmissiveMeshMaterial.uasset" 231
"../../../Engine/Content/EngineMaterials/EmissiveMeshMaterial.uexp" 232
"../../../Engine/Content/EngineMaterials/GizmoMaterial.uasset" 233
"../../../Engine/Content/EngineMaterials/GizmoMaterial.uexp" 234
"../../../Engine/Content/EngineMaterials/Good64x64TilingNoiseHighFreq.uasset" 235
"../../../Engine/Content/EngineMaterials/Good64x64TilingNoiseHighFreq.uexp" 236
"../../../Engine/Content/EngineMaterials/MiniFont.uasset" 237
"../../../Engine/Content/EngineMaterials/MiniFont.uexp" 238
"../../../Engine/Content/EngineMaterials/InvalidLightmapSettings.uasset" 239
"../../../Engine/Content/EngineMaterials/InvalidLightmapSettings.uexp" 240
"../../../Engine/Content/EngineMaterials/InvalidLightmapSettings.ubulk" 241
"../../../Engine/Content/EngineMaterials/M_InvalidLightmapSettings.uasset" 242
"../../../Engine/Content/EngineMaterials/M_InvalidLightmapSettings.uexp" 243
"../../../Engine/Content/Functions/Engine_MaterialFunctions02/WorldPositionOffset/CameraOffset.uasset" 244
"../../../Engine/Content/Functions/Engine_MaterialFunctions02/WorldPositionOffset/CameraOffset.uexp" 245
"../../../Engine/Content/EngineMaterials/PhAT_JointLimitMaterial.uasset" 246
"../../../Engine/Content/EngineMaterials/PhAT_JointLimitMaterial.uexp" 247
"../../../Engine/Content/EngineMaterials/DefaultCalibrationColor.uasset" 248
"../../../Engine/Content/EngineMaterials/DefaultCalibrationColor.uexp" 249
"../../../Engine/Content/EngineMaterials/PPM_DefaultCalibrationColor.uasset" 250
"../../../Engine/Content/EngineMaterials/PPM_DefaultCalibrationColor.uexp" 251
"../../../Engine/Content/EngineMaterials/DefaultCalibrationGrayscale.uasset" 252
"../../../Engine/Content/EngineMaterials/DefaultCalibrationGrayscale.uexp" 253
"../../../Engine/Content/EngineMaterials/PPM_DefaultCalibrationGrayscale.uasset" 254
"../../../Engine/Content/EngineMaterials/PPM_DefaultCalibrationGrayscale.uexp" 255
"../../../Engine/Content/EngineMaterials/PreintegratedSkinBRDF.uasset" 256
"../../../Engine/Content/EngineMaterials/PreintegratedSkinBRDF.uexp" 257
"../../../Engine/Content/EngineMaterials/RemoveSurfaceMaterial.uasset" 258
"../../../Engine/Content/EngineMaterials/RemoveSurfaceMaterial.uexp" 259
"../../../Engine/Content/EngineMaterials/WeightMapPlaceholderTexture.uasset" 260
"../../../Engine/Content/EngineMaterials/WeightMapPlaceholderTexture.uexp" 261
"../../../Engine/Content/EngineResources/WhiteSquareTexture.uasset" 262
"../../../Engine/Content/EngineResources/WhiteSquareTexture.uexp" 263
"../../../Engine/Content/EngineMaterials/Widget3DPassThrough.uasset" 264
"../../../Engine/Content/EngineMaterials/Widget3DPassThrough.uexp" 265
"../../../Engine/Content/EngineMaterials/Widget3DPassThrough_Masked.uasset" 266
"../../../Engine/Content/EngineMaterials/Widget3DPassThrough_Masked.uexp" 267
"../../../Engine/Content/EngineMaterials/Widget3DPassThrough_Opaque.uasset" 268
"../../../Engine/Content/EngineMaterials/Widget3DPassThrough_Opaque.uexp" 269
"../../../Engine/Content/EngineMaterials/Widget3DPassThrough_Masked_OneSided.uasset" 270
"../../../Engine/Content/EngineMaterials/Widget3DPassThrough_Masked_OneSided.uexp" 271
"../../../Engine/Content/EngineMaterials/Widget3DPassThrough_Opaque_OneSided.uasset" 272
"../../../Engine/Content/EngineMaterials/Widget3DPassThrough_Opaque_OneSided.uexp" 273
"../../../Engine/Content/EngineMaterials/Widget3DPassThrough_Translucent.uasset" 274
"../../../Engine/Content/EngineMaterials/Widget3DPassThrough_Translucent.uexp" 275
"../../../Engine/Content/EngineMaterials/Widget3DPassThrough_Translucent_OneSided.uasset" 276
"../../../Engine/Content/EngineMaterials/Widget3DPassThrough_Translucent_OneSided.uexp" 277
"../../../Engine/Content/EngineMeshes/Cube.uasset" 278
"../../../Engine/Content/EngineMeshes/Cube.uexp" 279
"../../../Engine/Content/EngineMeshes/Cylinder.uasset" 280
"../../../Engine/Content/EngineMeshes/Cylinder.uexp" 281
"../../../Engine/Content/EngineMeshes/Sphere.uasset" 282
"../../../Engine/Content/EngineMeshes/Sphere.uexp" 283
"../../../Engine/Content/EngineResources/DefaultTexture.uasset" 284
"../../../Engine/Content/EngineResources/DefaultTexture.uexp" 285
"../../../Engine/Content/EngineResources/DefaultTexture.ubulk" 286
"../../../Engine/Content/EngineResources/DefaultTextureCube.uasset" 287
"../../../Engine/Content/EngineResources/DefaultTextureCube.uexp" 288
"../../../Engine/Content/EngineResources/DefaultVolumeTexture2D.uasset" 289
"../../../Engine/Content/EngineResources/DefaultVolumeTexture2D.uexp" 290
"../../../Engine/Content/EngineResources/DefaultVolumeTexture.uasset" 291
"../../../Engine/Content/EngineResources/DefaultVolumeTexture.uexp" 292
"../../../Engine/Content/EngineResources/GradientTexture0.uasset" 293
"../../../Engine/Content/EngineResources/GradientTexture0.uexp" 294
"../../../Engine/Content/EngineSky/VolumetricClouds/T_NoiseShape64.uasset" 295
"../../../Engine/Content/EngineSky/VolumetricClouds/T_NoiseShape64.uexp" 296
"../../../Engine/Content/EngineSky/VolumetricClouds/T_NoiseShape64.ubulk" 297
"../../../Engine/Content/EngineSky/VolumetricClouds/T_VolumeNoiseShape64.uasset" 298
"../../../Engine/Content/EngineSky/VolumetricClouds/T_VolumeNoiseShape64.uexp" 299
"../../../Engine/Content/EngineSky/VolumetricClouds/T_NoiseErosion.uasset" 300
"../../../Engine/Content/EngineSky/VolumetricClouds/T_NoiseErosion.uexp" 301
"../../../Engine/Content/EngineSky/VolumetricClouds/T_NoiseErosion.ubulk" 302
"../../../Engine/Content/EngineSky/VolumetricClouds/T_VolumeNoiseErosion32.uasset" 303
"../../../Engine/Content/EngineSky/VolumetricClouds/T_VolumeNoiseErosion32.uexp" 304
"../../../Engine/Content/EngineSky/VolumetricClouds/CloudWeatherTexture.uasset" 305
"../../../Engine/Content/EngineSky/VolumetricClouds/CloudWeatherTexture.uexp" 306
"../../../Engine/Content/EngineSky/VolumetricClouds/CloudGradientTexture.uasset" 307
"../../../Engine/Content/EngineSky/VolumetricClouds/CloudGradientTexture.uexp" 308
"../../../Engine/Content/Functions/Engine_MaterialFunctions02/Utility/MakeFloat2.uasset" 309
"../../../Engine/Content/Functions/Engine_MaterialFunctions02/Utility/MakeFloat2.uexp" 310
"../../../Engine/Content/EngineSky/VolumetricClouds/m_SimpleVolumetricCloud.uasset" 311
"../../../Engine/Content/EngineSky/VolumetricClouds/m_SimpleVolumetricCloud.uexp" 312
"../../../Engine/Content/EngineSky/VolumetricClouds/m_SimpleVolumetricCloud_Inst.uasset" 313
"../../../Engine/Content/EngineSky/VolumetricClouds/m_SimpleVolumetricCloud_Inst.uexp" 314
"../../../Engine/Content/EngineSounds/Master.uasset" 315
"../../../Engine/Content/EngineSounds/Master.uexp" 316
"../../../Engine/Content/Functions/Engine_MaterialFunctions01/Shading/PowerToRoughness.uasset" 317
"../../../Engine/Content/Functions/Engine_MaterialFunctions01/Shading/PowerToRoughness.uexp" 318
"../../../Engine/Content/Maps/Templates/Thumbnails/Default.uasset" 319
"../../../Engine/Content/Maps/Templates/Thumbnails/Default.uexp" 320
"../../../Engine/Content/Maps/Templates/Thumbnails/TimeOfDay.uasset" 321
"../../../Engine/Content/Maps/Templates/Thumbnails/TimeOfDay.uexp" 322
"../../../Engine/Content/Maps/Templates/Thumbnails/VR-Basic.uasset" 323
"../../../Engine/Content/Maps/Templates/Thumbnails/VR-Basic.uexp" 324
"../../../Engine/Content/MobileResources/T_MobileControls_texture.uasset" 325
"../../../Engine/Content/MobileResources/T_MobileControls_texture.uexp" 326
"../../../Engine/Content/MobileResources/T_MobileMenu2.uasset" 327
"../../../Engine/Content/MobileResources/T_MobileMenu2.uexp" 328
"../../../Engine/Content/MobileResources/HUD/AnalogHat.uasset" 329
"../../../Engine/Content/MobileResources/HUD/AnalogHat.uexp" 330
"../../../Engine/Content/MobileResources/HUD/VirtualJoystick_Thumb.uasset" 331
"../../../Engine/Content/MobileResources/HUD/VirtualJoystick_Thumb.uexp" 332
"../../../Engine/Content/MobileResources/HUD/VirtualJoystick_Background.uasset" 333
"../../../Engine/Content/MobileResources/HUD/VirtualJoystick_Background.uexp" 334
"../../../Engine/Content/MobileResources/HUD/DefaultVirtualJoysticks.uasset" 335
"../../../Engine/Content/MobileResources/HUD/DefaultVirtualJoysticks.uexp" 336
"../../../Engine/Content/MobileResources/HUD/LeftVirtualJoystickOnly.uasset" 337
"../../../Engine/Content/MobileResources/HUD/LeftVirtualJoystickOnly.uexp" 338
"../../../Engine/Content/MobileResources/HUD/MobileHUDButton1_off.uasset" 339
"../../../Engine/Content/MobileResources/HUD/MobileHUDButton1_off.uexp" 340
"../../../Engine/Content/MobileResources/HUD/MobileHUDButton1_on.uasset" 341
"../../../Engine/Content/MobileResources/HUD/MobileHUDButton1_on.uexp" 342
"../../../Engine/Content/MobileResources/HUD/MobileHUDButton2_off.uasset" 343
"../../../Engine/Content/MobileResources/HUD/MobileHUDButton2_off.uexp" 344
"../../../Engine/Content/MobileResources/HUD/MobileHUDButton2_on.uasset" 345
"../../../Engine/Content/MobileResources/HUD/MobileHUDButton2_on.uexp" 346
"../../../Engine/Content/MobileResources/HUD/MobileHUDButton3.uasset" 347
"../../../Engine/Content/MobileResources/HUD/MobileHUDButton3.uexp" 348
"../../../Engine/Content/MobileResources/HUD/MobileHUDButtonFire.uasset" 349
"../../../Engine/Content/MobileResources/HUD/MobileHUDButtonFire.uexp" 350
"../../../Engine/Content/MobileResources/HUD/MobileHUDDirectionPad.uasset" 351
"../../../Engine/Content/MobileResources/HUD/MobileHUDDirectionPad.uexp" 352
"../../../Engine/Content/MobileResources/HUD/MobileHUDDirectionPad2.uasset" 353
"../../../Engine/Content/MobileResources/HUD/MobileHUDDirectionPad2.uexp" 354
"../../../Engine/Content/MobileResources/HUD/MobileHUDDirectionPad3.uasset" 355
"../../../Engine/Content/MobileResources/HUD/MobileHUDDirectionPad3.uexp" 356
"../../../Engine/Content/MobileResources/HUD/MobileHUDDirectionStick.uasset" 357
"../../../Engine/Content/MobileResources/HUD/MobileHUDDirectionStick.uexp" 358
"../../../Engine/Content/MobileResources/HUD/T_Castle_ThumbstickInner.uasset" 359
"../../../Engine/Content/MobileResources/HUD/T_Castle_ThumbstickInner.uexp" 360
"../../../Engine/Content/MobileResources/HUD/T_Castle_ThumbstickOutter.uasset" 361
"../../../Engine/Content/MobileResources/HUD/T_Castle_ThumbstickOutter.uexp" 362
"../../../Engine/Content/Tutorial/ContentIntroCurve.uasset" 363
"../../../Engine/Content/Tutorial/ContentIntroCurve.uexp" 364
"../../../Engine/Content/Tutorial/Basics/TutorialAssets/icon_tab_Levels_40x.uasset" 365
"../../../Engine/Content/Tutorial/Basics/TutorialAssets/icon_tab_Levels_40x.uexp" 366
"../../../Engine/Content/Tutorial/BlueprintTutorials/TutorialAssets/Blueprint_64x.uasset" 367
"../../../Engine/Content/Tutorial/BlueprintTutorials/TutorialAssets/Blueprint_64x.uexp" 368
"../../../Engine/Content/Tutorial/SubEditors/TutorialAssets/T_soft_smoke.uasset" 369
"../../../Engine/Content/Tutorial/SubEditors/TutorialAssets/T_soft_smoke.uexp" 370
"../../../Engine/Content/Tutorial/SubEditors/TutorialAssets/T_soft_smoke.ubulk" 371
"../../../Engine/Content/Tutorial/SubEditors/TutorialAssets/T_SmokeSubUV_8X8.uasset" 372
"../../../Engine/Content/Tutorial/SubEditors/TutorialAssets/T_SmokeSubUV_8X8.uexp" 373
"../../../Engine/Content/Tutorial/SubEditors/TutorialAssets/T_SmokeSubUV_8X8.ubulk" 374
"../../../Engine/Content/Tutorial/SubEditors/TutorialAssets/M_smoke_subUV_blackbody.uasset" 375
"../../../Engine/Content/Tutorial/SubEditors/TutorialAssets/M_smoke_subUV_blackbody.uexp" 376
"../../../Engine/Content/Tutorial/SubEditors/TutorialAssets/TutorialParticleSystem.uasset" 377
"../../../Engine/Content/Tutorial/SubEditors/TutorialAssets/TutorialParticleSystem.uexp" 378
"../../../Engine/Content/VREditor/TransformGizmo/TranslucentTransformGizmoMaterial.uasset" 379
"../../../Engine/Content/VREditor/TransformGizmo/TranslucentTransformGizmoMaterial.uexp" 380
"../../../Engine/Content/VREditor/LaserPointer/VR_LaserPower_01.uasset" 381
"../../../Engine/Content/VREditor/LaserPointer/VR_LaserPower_01.uexp" 382
"../../../Engine/Content/VREditor/LaserPointer/VR_LaserPower_01.ubulk" 383
"../../../Engine/Content/VREditor/TransformGizmo/TransformGizmoMaterial.uasset" 384
"../../../Engine/Content/VREditor/TransformGizmo/TransformGizmoMaterial.uexp" 385
"../../../Engine/Content/VREditor/TransformGizmo/BoundingBoxCorner.uasset" 386
"../../../Engine/Content/VREditor/TransformGizmo/BoundingBoxCorner.uexp" 387
"../../../Engine/Content/VREditor/TransformGizmo/BoundingBoxEdge.uasset" 388
"../../../Engine/Content/VREditor/TransformGizmo/BoundingBoxEdge.uexp" 389
"../../../Engine/Content/VREditor/TransformGizmo/PlaneTranslationHandle.uasset" 390
"../../../Engine/Content/VREditor/TransformGizmo/PlaneTranslationHandle.uexp" 391
"../../../Engine/Content/VREditor/TransformGizmo/Xray.uasset" 392
"../../../Engine/Content/VREditor/TransformGizmo/Xray.uexp" 393
"../../../Engine/Content/VREditor/TransformGizmo/Main.uasset" 394
"../../../Engine/Content/VREditor/TransformGizmo/Main.uexp" 395
"../../../Engine/Content/VREditor/TransformGizmo/SM_Sequencer_Key.uasset" 396
"../../../Engine/Content/VREditor/TransformGizmo/SM_Sequencer_Key.uexp" 397
"../../../Engine/Content/VREditor/TransformGizmo/SM_Sequencer_Node.uasset" 398
"../../../Engine/Content/VREditor/TransformGizmo/SM_Sequencer_Node.uexp" 399
"../../../Engine/Plugins/2D/Paper2D/Content/PlaceholderTextures/DummySpriteTexture.uasset" 400
"../../../Engine/Plugins/2D/Paper2D/Content/PlaceholderTextures/DummySpriteTexture.uexp" 401
"../../../Engine/Plugins/2D/Paper2D/Content/PlaceholderTextures/DummySpriteTexture.ubulk" 402
"../../../Engine/Plugins/2D/Paper2D/Content/DummySprite.uasset" 403
"../../../Engine/Plugins/2D/Paper2D/Content/DummySprite.uexp" 404
"../../../Engine/Plugins/2D/Paper2D/Content/DefaultPaperTerrainMaterial.uasset" 405
"../../../Engine/Plugins/2D/Paper2D/Content/DefaultPaperTerrainMaterial.uexp" 406
"../../../Engine/Plugins/2D/Paper2D/Content/DefaultSpriteMaterial.uasset" 407
"../../../Engine/Plugins/2D/Paper2D/Content/DefaultSpriteMaterial.uexp" 408
"../../../Engine/Plugins/2D/Paper2D/Content/MaskedUnlitSpriteMaterial.uasset" 409
"../../../Engine/Plugins/2D/Paper2D/Content/MaskedUnlitSpriteMaterial.uexp" 410
"../../../Engine/Plugins/2D/Paper2D/Content/OpaqueUnlitSpriteMaterial.uasset" 411
"../../../Engine/Plugins/2D/Paper2D/Content/OpaqueUnlitSpriteMaterial.uexp" 412
"../../../Engine/Content/Functions/Engine_MaterialFunctions02/Utility/BreakOutFloat3Components.uasset" 413
"../../../Engine/Content/Functions/Engine_MaterialFunctions02/Utility/BreakOutFloat3Components.uexp" 414
"../../../Engine/Content/Functions/Engine_MaterialFunctions02/Utility/VectorLength.uasset" 415
"../../../Engine/Content/Functions/Engine_MaterialFunctions02/Utility/VectorLength.uexp" 416
"../../../Engine/Content/Functions/Engine_MaterialFunctions02/WorldPositionOffset/ObjectScale.uasset" 417
"../../../Engine/Content/Functions/Engine_MaterialFunctions02/WorldPositionOffset/ObjectScale.uexp" 418
"../../../Engine/Plugins/Editor/SpeedTreeImporter/Content/SpeedTree9/UnpackInteger3.uasset" 419
"../../../Engine/Plugins/Editor/SpeedTreeImporter/Content/SpeedTree9/UnpackInteger3.uexp" 420
"../../../Engine/Plugins/Editor/SpeedTreeImporter/Content/SpeedTree9/UnpackDirection.uasset" 421
"../../../Engine/Plugins/Editor/SpeedTreeImporter/Content/SpeedTree9/UnpackDirection.uexp" 422
"../../../Engine/Plugins/Editor/SpeedTreeImporter/Content/SpeedTree9/game_wind_noise.uasset" 423
"../../../Engine/Plugins/Editor/SpeedTreeImporter/Content/SpeedTree9/game_wind_noise.uexp" 424
"../../../Engine/Plugins/Editor/SpeedTreeImporter/Content/SpeedTree9/game_wind_noise.ubulk" 425
"../../../Engine/Content/Functions/Engine_MaterialFunctions02/SafeNormalize.uasset" 426
"../../../Engine/Content/Functions/Engine_MaterialFunctions02/SafeNormalize.uexp" 427
"../../../Engine/Plugins/Editor/SpeedTreeImporter/Content/SpeedTree9/SpeedTreeWindMotion.uasset" 428
"../../../Engine/Plugins/Editor/SpeedTreeImporter/Content/SpeedTree9/SpeedTreeWindMotion.uexp" 429
"../../../Engine/Plugins/Editor/SpeedTreeImporter/Content/SpeedTree9/SpeedTreeBranchMotion.uasset" 430
"../../../Engine/Plugins/Editor/SpeedTreeImporter/Content/SpeedTree9/SpeedTreeBranchMotion.uexp" 431
"../../../Engine/Content/Functions/Engine_MaterialFunctions02/ObjectLocalBounds.uasset" 432
"../../../Engine/Content/Functions/Engine_MaterialFunctions02/ObjectLocalBounds.uexp" 433
"../../../Engine/Content/Functions/Engine_MaterialFunctions02/UVs/BoundingBoxBased_0-1_UVW.uasset" 434
"../../../Engine/Content/Functions/Engine_MaterialFunctions02/UVs/BoundingBoxBased_0-1_UVW.uexp" 435
"../../../Engine/Plugins/Editor/SpeedTreeImporter/Content/SpeedTree9/SpeedTreeWind.uasset" 436
"../../../Engine/Plugins/Editor/SpeedTreeImporter/Content/SpeedTree9/SpeedTreeWind.uexp" 437
"../../../Engine/Plugins/Editor/SpeedTreeImporter/Content/SpeedTree9/SpeedTreeBillboard.uasset" 438
"../../../Engine/Plugins/Editor/SpeedTreeImporter/Content/SpeedTree9/SpeedTreeBillboard.uexp" 439
"../../../Engine/Plugins/Editor/SpeedTreeImporter/Content/SpeedTree9/EmptyNormal.uasset" 440
"../../../Engine/Plugins/Editor/SpeedTreeImporter/Content/SpeedTree9/EmptyNormal.uexp" 441
"../../../Engine/Plugins/Editor/SpeedTreeImporter/Content/SpeedTree9/Empty.uasset" 442
"../../../Engine/Plugins/Editor/SpeedTreeImporter/Content/SpeedTree9/Empty.uexp" 443
"../../../Engine/Plugins/Editor/SpeedTreeImporter/Content/SpeedTree9/SpeedTreeBillboardMaster.uasset" 444
"../../../Engine/Plugins/Editor/SpeedTreeImporter/Content/SpeedTree9/SpeedTreeBillboardMaster.uexp" 445
"../../../Engine/Plugins/Editor/SpeedTreeImporter/Content/SpeedTree9/SpeedTreeCameraFacing.uasset" 446
"../../../Engine/Plugins/Editor/SpeedTreeImporter/Content/SpeedTree9/SpeedTreeCameraFacing.uexp" 447
"../../../Engine/Plugins/Editor/SpeedTreeImporter/Content/SpeedTree9/SpeedTreeMaster.uasset" 448
"../../../Engine/Plugins/Editor/SpeedTreeImporter/Content/SpeedTree9/SpeedTreeMaster.uexp" 449
"../../../Engine/Content/BasicShapes/Cylinder.uasset" 450
"../../../Engine/Content/BasicShapes/Cylinder.uexp" 451
"../../../Engine/Content/ArtTools/RenderToTexture/Materials/Debug/M_Emissive_Color.uasset" 452
"../../../Engine/Content/ArtTools/RenderToTexture/Materials/Debug/M_Emissive_Color.uexp" 453
"../../../Engine/Plugins/Lumin/MagicLeapPassableWorld/Content/MagicLeapARPinInfoActor.uasset" 454
"../../../Engine/Plugins/Lumin/MagicLeapPassableWorld/Content/MagicLeapARPinInfoActor.uexp" 455
"../../../Engine/Plugins/Runtime/OpenXR/Content/Devices/GoogleDaydream/MRTexture.uasset" 456
"../../../Engine/Plugins/Runtime/OpenXR/Content/Devices/GoogleDaydream/MRTexture.uexp" 457
"../../../Engine/Plugins/Runtime/OpenXR/Content/Devices/GoogleDaydream/MRTexture.ubulk" 458
"../../../Engine/Plugins/Runtime/OpenXR/Content/Devices/GoogleDaydream/BaseTexture.uasset" 459
"../../../Engine/Plugins/Runtime/OpenXR/Content/Devices/GoogleDaydream/BaseTexture.uexp" 460
"../../../Engine/Plugins/Runtime/OpenXR/Content/Devices/GoogleDaydream/BaseTexture.ubulk" 461
"../../../Engine/Content/EngineResources/Black.uasset" 462
"../../../Engine/Content/EngineResources/Black.uexp" 463
"../../../Engine/Plugins/Runtime/OpenXR/Content/Devices/M_XRController.uasset" 464
"../../../Engine/Plugins/Runtime/OpenXR/Content/Devices/M_XRController.uexp" 465
"../../../Engine/Plugins/Runtime/OpenXR/Content/Devices/GoogleDaydream/MI_GoogleDaydream.uasset" 466
"../../../Engine/Plugins/Runtime/OpenXR/Content/Devices/GoogleDaydream/MI_GoogleDaydream.uexp" 467
"../../../Engine/Plugins/Runtime/OpenXR/Content/Devices/GoogleDaydream/GoogleDaydreamController.uasset" 468
"../../../Engine/Plugins/Runtime/OpenXR/Content/Devices/GoogleDaydream/GoogleDaydreamController.uexp" 469
"../../../Engine/Plugins/Runtime/OpenXR/Content/Devices/HTCVive/BaseTexture.uasset" 470
"../../../Engine/Plugins/Runtime/OpenXR/Content/Devices/HTCVive/BaseTexture.uexp" 471
"../../../Engine/Plugins/Runtime/OpenXR/Content/Devices/HTCVive/BaseTexture.ubulk" 472
"../../../Engine/Plugins/Runtime/OpenXR/Content/Devices/HTCVive/MI_HTCVive.uasset" 473
"../../../Engine/Plugins/Runtime/OpenXR/Content/Devices/HTCVive/MI_HTCVive.uexp" 474
"../../../Engine/Plugins/Runtime/OpenXR/Content/Devices/HTCVive/HTCViveController.uasset" 475
"../../../Engine/Plugins/Runtime/OpenXR/Content/Devices/HTCVive/HTCViveController.uexp" 476
"../../../Engine/Plugins/Runtime/OpenXR/Content/Devices/MicrosoftMixedReality/NormalTexture.uasset" 477
"../../../Engine/Plugins/Runtime/OpenXR/Content/Devices/MicrosoftMixedReality/NormalTexture.uexp" 478
"../../../Engine/Plugins/Runtime/OpenXR/Content/Devices/MicrosoftMixedReality/NormalTexture.ubulk" 479
"../../../Engine/Plugins/Runtime/OpenXR/Content/Devices/MicrosoftMixedReality/MRTexture.uasset" 480
"../../../Engine/Plugins/Runtime/OpenXR/Content/Devices/MicrosoftMixedReality/MRTexture.uexp" 481
"../../../Engine/Plugins/Runtime/OpenXR/Content/Devices/MicrosoftMixedReality/MRTexture.ubulk" 482
"../../../Engine/Plugins/Runtime/OpenXR/Content/Devices/MicrosoftMixedReality/EmissiveTexture.uasset" 483
"../../../Engine/Plugins/Runtime/OpenXR/Content/Devices/MicrosoftMixedReality/EmissiveTexture.uexp" 484
"../../../Engine/Plugins/Runtime/OpenXR/Content/Devices/MicrosoftMixedReality/EmissiveTexture.ubulk" 485
"../../../Engine/Plugins/Runtime/OpenXR/Content/Devices/MicrosoftMixedReality/BaseTexture.uasset" 486
"../../../Engine/Plugins/Runtime/OpenXR/Content/Devices/MicrosoftMixedReality/BaseTexture.uexp" 487
"../../../Engine/Plugins/Runtime/OpenXR/Content/Devices/MicrosoftMixedReality/BaseTexture.ubulk" 488
"../../../Engine/Plugins/Runtime/OpenXR/Content/Devices/MicrosoftMixedReality/MI_MicrosoftMixedReality.uasset" 489
"../../../Engine/Plugins/Runtime/OpenXR/Content/Devices/MicrosoftMixedReality/MI_MicrosoftMixedReality.uexp" 490
"../../../Engine/Plugins/Runtime/OpenXR/Content/Devices/MicrosoftMixedReality/Left/left_MicrosoftMixedRealityController.uasset" 491
"../../../Engine/Plugins/Runtime/OpenXR/Content/Devices/MicrosoftMixedReality/Left/left_MicrosoftMixedRealityController.uexp" 492
"../../../Engine/Plugins/Runtime/OpenXR/Content/Devices/MicrosoftMixedReality/Right/right_MicrosoftMixedRealityController.uasset" 493
"../../../Engine/Plugins/Runtime/OpenXR/Content/Devices/MicrosoftMixedReality/Right/right_MicrosoftMixedRealityController.uexp" 494
"../../../Engine/Plugins/Runtime/OpenXR/Content/Devices/OculusGo/BaseTexture.uasset" 495
"../../../Engine/Plugins/Runtime/OpenXR/Content/Devices/OculusGo/BaseTexture.uexp" 496
"../../../Engine/Plugins/Runtime/OpenXR/Content/Devices/OculusGo/BaseTexture.ubulk" 497
"../../../Engine/Plugins/Runtime/OpenXR/Content/Devices/OculusGo/MI_OculusGo.uasset" 498
"../../../Engine/Plugins/Runtime/OpenXR/Content/Devices/OculusGo/MI_OculusGo.uexp" 499
"../../../Engine/Plugins/Runtime/OpenXR/Content/Devices/OculusGo/OculusGoController.uasset" 500
"../../../Engine/Plugins/Runtime/OpenXR/Content/Devices/OculusGo/OculusGoController.uexp" 501
"../../../Engine/Plugins/Runtime/OpenXR/Content/Devices/OculusTouch/MRTexture.uasset" 502
"../../../Engine/Plugins/Runtime/OpenXR/Content/Devices/OculusTouch/MRTexture.uexp" 503
"../../../Engine/Plugins/Runtime/OpenXR/Content/Devices/OculusTouch/MRTexture.ubulk" 504
"../../../Engine/Plugins/Runtime/OpenXR/Content/Devices/OculusTouch/BaseTexture.uasset" 505
"../../../Engine/Plugins/Runtime/OpenXR/Content/Devices/OculusTouch/BaseTexture.uexp" 506
"../../../Engine/Plugins/Runtime/OpenXR/Content/Devices/OculusTouch/BaseTexture.ubulk" 507
"../../../Engine/Plugins/Runtime/OpenXR/Content/Devices/OculusTouch/MI_OculusTouch.uasset" 508
"../../../Engine/Plugins/Runtime/OpenXR/Content/Devices/OculusTouch/MI_OculusTouch.uexp" 509
"../../../Engine/Plugins/Runtime/OpenXR/Content/Devices/OculusTouch/Left/left_OculusTouchController.uasset" 510
"../../../Engine/Plugins/Runtime/OpenXR/Content/Devices/OculusTouch/Left/left_OculusTouchController.uexp" 511
"../../../Engine/Plugins/Runtime/OpenXR/Content/Devices/OculusTouch/Right/right_OculusTouchController.uasset" 512
"../../../Engine/Plugins/Runtime/OpenXR/Content/Devices/OculusTouch/Right/right_OculusTouchController.uexp" 513
"../../../Engine/Plugins/Runtime/OpenXR/Content/Devices/OculusTouch_v2/MRTexture.uasset" 514
"../../../Engine/Plugins/Runtime/OpenXR/Content/Devices/OculusTouch_v2/MRTexture.uexp" 515
"../../../Engine/Plugins/Runtime/OpenXR/Content/Devices/OculusTouch_v2/MRTexture.ubulk" 516
"../../../Engine/Plugins/Runtime/OpenXR/Content/Devices/OculusTouch_v2/BaseTexture.uasset" 517
"../../../Engine/Plugins/Runtime/OpenXR/Content/Devices/OculusTouch_v2/BaseTexture.uexp" 518
"../../../Engine/Plugins/Runtime/OpenXR/Content/Devices/OculusTouch_v2/BaseTexture.ubulk" 519
"../../../Engine/Plugins/Runtime/OpenXR/Content/Devices/OculusTouch_v2/MI_OculusTouch_v2.uasset" 520
"../../../Engine/Plugins/Runtime/OpenXR/Content/Devices/OculusTouch_v2/MI_OculusTouch_v2.uexp" 521
"../../../Engine/Plugins/Runtime/OpenXR/Content/Devices/OculusTouch_v2/Left/left_OculusTouch_v2Controller.uasset" 522
"../../../Engine/Plugins/Runtime/OpenXR/Content/Devices/OculusTouch_v2/Left/left_OculusTouch_v2Controller.uexp" 523
"../../../Engine/Plugins/Runtime/OpenXR/Content/Devices/OculusTouch_v2/Right/right_OculusTouch_v2Controller.uasset" 524
"../../../Engine/Plugins/Runtime/OpenXR/Content/Devices/OculusTouch_v2/Right/right_OculusTouch_v2Controller.uexp" 525
"../../../Engine/Plugins/Runtime/OpenXR/Content/Devices/OculusTouch_v3/MRTexture.uasset" 526
"../../../Engine/Plugins/Runtime/OpenXR/Content/Devices/OculusTouch_v3/MRTexture.uexp" 527
"../../../Engine/Plugins/Runtime/OpenXR/Content/Devices/OculusTouch_v3/MRTexture.ubulk" 528
"../../../Engine/Plugins/Runtime/OpenXR/Content/Devices/OculusTouch_v3/BaseTexture.uasset" 529
"../../../Engine/Plugins/Runtime/OpenXR/Content/Devices/OculusTouch_v3/BaseTexture.uexp" 530
"../../../Engine/Plugins/Runtime/OpenXR/Content/Devices/OculusTouch_v3/BaseTexture.ubulk" 531
"../../../Engine/Plugins/Runtime/OpenXR/Content/Devices/OculusTouch_v3/MI_OculusTouch_v3.uasset" 532
"../../../Engine/Plugins/Runtime/OpenXR/Content/Devices/OculusTouch_v3/MI_OculusTouch_v3.uexp" 533
"../../../Engine/Plugins/Runtime/OpenXR/Content/Devices/OculusTouch_v3/Left/left_OculusTouch_v3Controller.uasset" 534
"../../../Engine/Plugins/Runtime/OpenXR/Content/Devices/OculusTouch_v3/Left/left_OculusTouch_v3Controller.uexp" 535
"../../../Engine/Plugins/Runtime/OpenXR/Content/Devices/OculusTouch_v3/Right/right_OculusTouch_v3Controller.uasset" 536
"../../../Engine/Plugins/Runtime/OpenXR/Content/Devices/OculusTouch_v3/Right/right_OculusTouch_v3Controller.uexp" 537
"../../../Engine/Plugins/Runtime/OpenXR/Content/Devices/ValveIndex/MRTexture.uasset" 538
"../../../Engine/Plugins/Runtime/OpenXR/Content/Devices/ValveIndex/MRTexture.uexp" 539
"../../../Engine/Plugins/Runtime/OpenXR/Content/Devices/ValveIndex/MRTexture.ubulk" 540
"../../../Engine/Plugins/Runtime/OpenXR/Content/Devices/ValveIndex/BaseTexture.uasset" 541
"../../../Engine/Plugins/Runtime/OpenXR/Content/Devices/ValveIndex/BaseTexture.uexp" 542
"../../../Engine/Plugins/Runtime/OpenXR/Content/Devices/ValveIndex/BaseTexture.ubulk" 543
"../../../Engine/Plugins/Runtime/OpenXR/Content/Devices/ValveIndex/Left/MI_left_ValveIndex.uasset" 544
"../../../Engine/Plugins/Runtime/OpenXR/Content/Devices/ValveIndex/Left/MI_left_ValveIndex.uexp" 545
"../../../Engine/Plugins/Runtime/OpenXR/Content/Devices/ValveIndex/Left/left_ValveIndexController.uasset" 546
"../../../Engine/Plugins/Runtime/OpenXR/Content/Devices/ValveIndex/Left/left_ValveIndexController.uexp" 547
"../../../Engine/Plugins/Runtime/OpenXR/Content/Devices/ValveIndex/Right/MI_right_ValveIndex.uasset" 548
"../../../Engine/Plugins/Runtime/OpenXR/Content/Devices/ValveIndex/Right/MI_right_ValveIndex.uexp" 549
"../../../Engine/Plugins/Runtime/OpenXR/Content/Devices/ValveIndex/Right/right_ValveIndexController.uasset" 550
"../../../Engine/Plugins/Runtime/OpenXR/Content/Devices/ValveIndex/Right/right_ValveIndexController.uexp" 551
"../../../Engine/Content/Functions/Engine_MaterialFunctions02/Utility/BreakOutFloat4Components.uasset" 552
"../../../Engine/Content/Functions/Engine_MaterialFunctions02/Utility/BreakOutFloat4Components.uexp" 553
"../../../Engine/Content/Functions/Engine_MaterialFunctions02/Utility/MakeFloat3.uasset" 554
"../../../Engine/Content/Functions/Engine_MaterialFunctions02/Utility/MakeFloat3.uexp" 555
"../../../Engine/Plugins/Runtime/Oculus/OculusVR/Content/Materials/OculusMR_ChromaKey.uasset" 556
"../../../Engine/Plugins/Runtime/Oculus/OculusVR/Content/Materials/OculusMR_ChromaKey.uexp" 557
"../../../Engine/Plugins/Runtime/Oculus/OculusVR/Content/Materials/OculusMR_OpaqueColoredMaterial.uasset" 558
"../../../Engine/Plugins/Runtime/Oculus/OculusVR/Content/Materials/OculusMR_OpaqueColoredMaterial.uexp" 559
"../../../Engine/Plugins/Runtime/Oculus/OculusVR/Content/Materials/PokeAHoleMaterial.uasset" 560
"../../../Engine/Plugins/Runtime/Oculus/OculusVR/Content/Materials/PokeAHoleMaterial.uexp" 561
"../../../Engine/Plugins/Runtime/Oculus/OculusVR/Content/Textures/touchController_controlmap.uasset" 562
"../../../Engine/Plugins/Runtime/Oculus/OculusVR/Content/Textures/touchController_controlmap.uexp" 563
"../../../Engine/Plugins/Runtime/Oculus/OculusVR/Content/Textures/touchController_controlmap.ubulk" 564
"../../../Engine/Plugins/Runtime/Oculus/OculusVR/Content/Textures/touchController_albedo.uasset" 565
"../../../Engine/Plugins/Runtime/Oculus/OculusVR/Content/Textures/touchController_albedo.uexp" 566
"../../../Engine/Plugins/Runtime/Oculus/OculusVR/Content/Textures/touchController_albedo.ubulk" 567
"../../../Engine/Plugins/Runtime/Oculus/OculusVR/Content/Materials/touchController_mat.uasset" 568
"../../../Engine/Plugins/Runtime/Oculus/OculusVR/Content/Materials/touchController_mat.uexp" 569
"../../../Engine/Plugins/Runtime/Oculus/OculusVR/Content/Meshes/LeftTouchController.uasset" 570
"../../../Engine/Plugins/Runtime/Oculus/OculusVR/Content/Meshes/LeftTouchController.uexp" 571
"../../../Engine/Plugins/Runtime/Oculus/OculusVR/Content/Textures/TouchForQuestRiftSController_albedo.uasset" 572
"../../../Engine/Plugins/Runtime/Oculus/OculusVR/Content/Textures/TouchForQuestRiftSController_albedo.uexp" 573
"../../../Engine/Plugins/Runtime/Oculus/OculusVR/Content/Textures/TouchForQuestRiftSController_albedo.ubulk" 574
"../../../Engine/Plugins/Runtime/Oculus/OculusVR/Content/Materials/TouchForQuestRiftSControllerMaterial.uasset" 575
"../../../Engine/Plugins/Runtime/Oculus/OculusVR/Content/Materials/TouchForQuestRiftSControllerMaterial.uexp" 576
"../../../Engine/Plugins/Runtime/Oculus/OculusVR/Content/Meshes/LeftTouchForQuestRiftSController.uasset" 577
"../../../Engine/Plugins/Runtime/Oculus/OculusVR/Content/Meshes/LeftTouchForQuestRiftSController.uexp" 578
"../../../Engine/Plugins/Runtime/Oculus/OculusVR/Content/Meshes/RiftHMD.uasset" 579
"../../../Engine/Plugins/Runtime/Oculus/OculusVR/Content/Meshes/RiftHMD.uexp" 580
"../../../Engine/Plugins/Runtime/Oculus/OculusVR/Content/Meshes/RightTouchController.uasset" 581
"../../../Engine/Plugins/Runtime/Oculus/OculusVR/Content/Meshes/RightTouchController.uexp" 582
"../../../Engine/Plugins/Runtime/Oculus/OculusVR/Content/Meshes/RightTouchForQuestRiftSController.uasset" 583
"../../../Engine/Plugins/Runtime/Oculus/OculusVR/Content/Meshes/RightTouchForQuestRiftSController.uexp" 584
"D:/GameDev/Unreal/Quake/Content/Levels/BloodrunDeathmatch_BuiltData.uasset" 585
"D:/GameDev/Unreal/Quake/Content/Levels/BloodrunDeathmatch_BuiltData.uexp" 586
"D:/GameDev/Unreal/Quake/Content/Assets/Weapons/RocketLauncher/Materials/T_RocketLauncher01.uasset" 587
"D:/GameDev/Unreal/Quake/Content/Assets/Weapons/RocketLauncher/Materials/T_RocketLauncher01.uexp" 588
"D:/GameDev/Unreal/Quake/Content/Assets/Weapons/RocketLauncher/Materials/M_RocketLauncher01.uasset" 589
"D:/GameDev/Unreal/Quake/Content/Assets/Weapons/RocketLauncher/Materials/M_RocketLauncher01.uexp" 590
"D:/GameDev/Unreal/Quake/Content/Assets/Weapons/RocketLauncher/Materials/T_RocketLauncher00.uasset" 591
"D:/GameDev/Unreal/Quake/Content/Assets/Weapons/RocketLauncher/Materials/T_RocketLauncher00.uexp" 592
"D:/GameDev/Unreal/Quake/Content/Assets/Weapons/RocketLauncher/Materials/T_RocketLauncher00.ubulk" 593
"D:/GameDev/Unreal/Quake/Content/Assets/Weapons/RocketLauncher/Materials/M_RocketLauncher00.uasset" 594
"D:/GameDev/Unreal/Quake/Content/Assets/Weapons/RocketLauncher/Materials/M_RocketLauncher00.uexp" 595
"D:/GameDev/Unreal/Quake/Content/Assets/Props/WeaponPoints/Mesh/PHYS_RocketLauncherPoint.uasset" 596
"D:/GameDev/Unreal/Quake/Content/Assets/Props/WeaponPoints/Mesh/PHYS_RocketLauncherPoint.uexp" 597
"D:/GameDev/Unreal/Quake/Content/Assets/Props/WeaponPoints/Mesh/SKEL_RocketLauncherPoint.uasset" 598
"D:/GameDev/Unreal/Quake/Content/Assets/Props/WeaponPoints/Mesh/SKEL_RocketLauncherPoint.uexp" 599
"D:/GameDev/Unreal/Quake/Content/Assets/Props/WeaponPoints/Mesh/SK_RocketLauncherPoint.uasset" 600
"D:/GameDev/Unreal/Quake/Content/Assets/Props/WeaponPoints/Mesh/SK_RocketLauncherPoint.uexp" 601
"../../../Engine/Content/Animation/DefaultAnimCurveCompressionSettings.uasset" 602
"../../../Engine/Content/Animation/DefaultAnimCurveCompressionSettings.uexp" 603
"../../../Engine/Content/Animation/DefaultAnimBoneCompressionSettings.uasset" 604
"../../../Engine/Content/Animation/DefaultAnimBoneCompressionSettings.uexp" 605
"D:/GameDev/Unreal/Quake/Content/Assets/Props/WeaponPoints/Animations/AS_RocketLauncherPointRotation.uasset" 606
"D:/GameDev/Unreal/Quake/Content/Assets/Props/WeaponPoints/Animations/AS_RocketLauncherPointRotation.uexp" 607
"D:/GameDev/Unreal/Quake/Content/Assets/Maps/Materials/T_Bloodrun15.uasset" 608
"D:/GameDev/Unreal/Quake/Content/Assets/Maps/Materials/T_Bloodrun15.uexp" 609
"D:/GameDev/Unreal/Quake/Content/Assets/Maps/Materials/T_Bloodrun15.ubulk" 610
"D:/GameDev/Unreal/Quake/Content/Assets/Maps/Materials/M_Bloodrun15.uasset" 611
"D:/GameDev/Unreal/Quake/Content/Assets/Maps/Materials/M_Bloodrun15.uexp" 612
"D:/GameDev/Unreal/Quake/Content/Assets/Props/MapBonus/Mesh/SM_BaseBonus.uasset" 613
"D:/GameDev/Unreal/Quake/Content/Assets/Props/MapBonus/Mesh/SM_BaseBonus.uexp" 614
"D:/GameDev/Unreal/Quake/Content/Blueprints/Map/WeaponPoints/BP_RocketLauncherPoint.uasset" 615
"D:/GameDev/Unreal/Quake/Content/Blueprints/Map/WeaponPoints/BP_RocketLauncherPoint.uexp" 616
"D:/GameDev/Unreal/Quake/Content/Assets/Props/MapBonus/Mesh/PHYS_ShieldBonus.uasset" 617
"D:/GameDev/Unreal/Quake/Content/Assets/Props/MapBonus/Mesh/PHYS_ShieldBonus.uexp" 618
"D:/GameDev/Unreal/Quake/Content/Assets/Props/MapBonus/Materials/M_ShieldBonus.uasset" 619
"D:/GameDev/Unreal/Quake/Content/Assets/Props/MapBonus/Materials/M_ShieldBonus.uexp" 620
"D:/GameDev/Unreal/Quake/Content/Assets/Props/MapBonus/Mesh/SKEL_ShieldBonus.uasset" 621
"D:/GameDev/Unreal/Quake/Content/Assets/Props/MapBonus/Mesh/SKEL_ShieldBonus.uexp" 622
"D:/GameDev/Unreal/Quake/Content/Assets/Props/MapBonus/Mesh/SK_ShieldBonus.uasset" 623
"D:/GameDev/Unreal/Quake/Content/Assets/Props/MapBonus/Mesh/SK_ShieldBonus.uexp" 624
"D:/GameDev/Unreal/Quake/Content/Assets/Props/MapBonus/Animations/AS_ShieldBonusRotation.uasset" 625
"D:/GameDev/Unreal/Quake/Content/Assets/Props/MapBonus/Animations/AS_ShieldBonusRotation.uexp" 626
"D:/GameDev/Unreal/Quake/Content/Blueprints/Map/Bonus/BP_ShieldBonus.uasset" 627
"D:/GameDev/Unreal/Quake/Content/Blueprints/Map/Bonus/BP_ShieldBonus.uexp" 628
"D:/GameDev/Unreal/Quake/Content/Assets/Props/MapBonus/Materials/M_MegaShieldBonus.uasset" 629
"D:/GameDev/Unreal/Quake/Content/Assets/Props/MapBonus/Materials/M_MegaShieldBonus.uexp" 630
"D:/GameDev/Unreal/Quake/Content/Assets/Props/MapBonus/Mesh/SK_MegaShieldBonus.uasset" 631
"D:/GameDev/Unreal/Quake/Content/Assets/Props/MapBonus/Mesh/SK_MegaShieldBonus.uexp" 632
"D:/GameDev/Unreal/Quake/Content/Blueprints/Map/Bonus/BP_MegaShieldBonus.uasset" 633
"D:/GameDev/Unreal/Quake/Content/Blueprints/Map/Bonus/BP_MegaShieldBonus.uexp" 634
"D:/GameDev/Unreal/Quake/Content/Assets/Props/MapBonus/Mesh/PHYS_HealthBonus.uasset" 635
"D:/GameDev/Unreal/Quake/Content/Assets/Props/MapBonus/Mesh/PHYS_HealthBonus.uexp" 636
"D:/GameDev/Unreal/Quake/Content/Assets/Props/MapBonus/Materials/M_MegaHealthBonus.uasset" 637
"D:/GameDev/Unreal/Quake/Content/Assets/Props/MapBonus/Materials/M_MegaHealthBonus.uexp" 638
"D:/GameDev/Unreal/Quake/Content/Assets/Props/MapBonus/Mesh/SKEL_HealthBonus.uasset" 639
"D:/GameDev/Unreal/Quake/Content/Assets/Props/MapBonus/Mesh/SKEL_HealthBonus.uexp" 640
"D:/GameDev/Unreal/Quake/Content/Assets/Props/MapBonus/Mesh/SK_MegaHealthBonus.uasset" 641
"D:/GameDev/Unreal/Quake/Content/Assets/Props/MapBonus/Mesh/SK_MegaHealthBonus.uexp" 642
"D:/GameDev/Unreal/Quake/Content/Assets/Props/MapBonus/Animations/AS_HealthBonusRotation.uasset" 643
"D:/GameDev/Unreal/Quake/Content/Assets/Props/MapBonus/Animations/AS_HealthBonusRotation.uexp" 644
"D:/GameDev/Unreal/Quake/Content/Blueprints/Map/Bonus/BP_MegaHealthBonus.uasset" 645
"D:/GameDev/Unreal/Quake/Content/Blueprints/Map/Bonus/BP_MegaHealthBonus.uexp" 646
"D:/GameDev/Unreal/Quake/Content/Assets/Props/MapBonus/Materials/M_HealthBonus.uasset" 647
"D:/GameDev/Unreal/Quake/Content/Assets/Props/MapBonus/Materials/M_HealthBonus.uexp" 648
"D:/GameDev/Unreal/Quake/Content/Assets/Props/MapBonus/Mesh/SK_HealthBonus.uasset" 649
"D:/GameDev/Unreal/Quake/Content/Assets/Props/MapBonus/Mesh/SK_HealthBonus.uexp" 650
"D:/GameDev/Unreal/Quake/Content/Blueprints/Map/Bonus/BP_HealthBonus.uasset" 651
"D:/GameDev/Unreal/Quake/Content/Blueprints/Map/Bonus/BP_HealthBonus.uexp" 652
"D:/GameDev/Unreal/Quake/Content/Assets/Maps/Materials/T_Bloodrun27.uasset" 653
"D:/GameDev/Unreal/Quake/Content/Assets/Maps/Materials/T_Bloodrun27.uexp" 654
"D:/GameDev/Unreal/Quake/Content/Assets/Maps/Materials/T_Bloodrun27.ubulk" 655
"D:/GameDev/Unreal/Quake/Content/Assets/Maps/Materials/M_Bloodrun27.uasset" 656
"D:/GameDev/Unreal/Quake/Content/Assets/Maps/Materials/M_Bloodrun27.uexp" 657
"D:/GameDev/Unreal/Quake/Content/Assets/Maps/Materials/T_Bloodrun26.uasset" 658
"D:/GameDev/Unreal/Quake/Content/Assets/Maps/Materials/T_Bloodrun26.uexp" 659
"D:/GameDev/Unreal/Quake/Content/Assets/Maps/Materials/T_Bloodrun26.ubulk" 660
"D:/GameDev/Unreal/Quake/Content/Assets/Maps/Materials/M_Bloodrun26.uasset" 661
"D:/GameDev/Unreal/Quake/Content/Assets/Maps/Materials/M_Bloodrun26.uexp" 662
"D:/GameDev/Unreal/Quake/Content/Assets/Maps/Materials/T_Bloodrun24.uasset" 663
"D:/GameDev/Unreal/Quake/Content/Assets/Maps/Materials/T_Bloodrun24.uexp" 664
"D:/GameDev/Unreal/Quake/Content/Assets/Maps/Materials/T_Bloodrun24.ubulk" 665
"D:/GameDev/Unreal/Quake/Content/Assets/Maps/Materials/M_Bloodrun24.uasset" 666
"D:/GameDev/Unreal/Quake/Content/Assets/Maps/Materials/M_Bloodrun24.uexp" 667
"D:/GameDev/Unreal/Quake/Content/Assets/Maps/Materials/T_Bloodrun23.uasset" 668
"D:/GameDev/Unreal/Quake/Content/Assets/Maps/Materials/T_Bloodrun23.uexp" 669
"D:/GameDev/Unreal/Quake/Content/Assets/Maps/Materials/T_Bloodrun23.ubulk" 670
"D:/GameDev/Unreal/Quake/Content/Assets/Maps/Materials/M_Bloodrun23.uasset" 671
"D:/GameDev/Unreal/Quake/Content/Assets/Maps/Materials/M_Bloodrun23.uexp" 672
"D:/GameDev/Unreal/Quake/Content/Assets/Maps/Materials/T_Bloodrun22.uasset" 673
"D:/GameDev/Unreal/Quake/Content/Assets/Maps/Materials/T_Bloodrun22.uexp" 674
"D:/GameDev/Unreal/Quake/Content/Assets/Maps/Materials/T_Bloodrun22.ubulk" 675
"D:/GameDev/Unreal/Quake/Content/Assets/Maps/Materials/M_Bloodrun22.uasset" 676
"D:/GameDev/Unreal/Quake/Content/Assets/Maps/Materials/M_Bloodrun22.uexp" 677
"D:/GameDev/Unreal/Quake/Content/Assets/Maps/Materials/T_Bloodrun21.uasset" 678
"D:/GameDev/Unreal/Quake/Content/Assets/Maps/Materials/T_Bloodrun21.uexp" 679
"D:/GameDev/Unreal/Quake/Content/Assets/Maps/Materials/T_Bloodrun21.ubulk" 680
"D:/GameDev/Unreal/Quake/Content/Assets/Maps/Materials/M_Bloodrun21.uasset" 681
"D:/GameDev/Unreal/Quake/Content/Assets/Maps/Materials/M_Bloodrun21.uexp" 682
"D:/GameDev/Unreal/Quake/Content/Assets/Maps/Materials/T_Bloodrun20.uasset" 683
"D:/GameDev/Unreal/Quake/Content/Assets/Maps/Materials/T_Bloodrun20.uexp" 684
"D:/GameDev/Unreal/Quake/Content/Assets/Maps/Materials/T_Bloodrun20.ubulk" 685
"D:/GameDev/Unreal/Quake/Content/Assets/Maps/Materials/M_Bloodrun20.uasset" 686
"D:/GameDev/Unreal/Quake/Content/Assets/Maps/Materials/M_Bloodrun20.uexp" 687
"D:/GameDev/Unreal/Quake/Content/Assets/Maps/Materials/T_Bloodrun17.uasset" 688
"D:/GameDev/Unreal/Quake/Content/Assets/Maps/Materials/T_Bloodrun17.uexp" 689
"D:/GameDev/Unreal/Quake/Content/Assets/Maps/Materials/T_Bloodrun17.ubulk" 690
"D:/GameDev/Unreal/Quake/Content/Assets/Maps/Materials/M_Bloodrun17.uasset" 691
"D:/GameDev/Unreal/Quake/Content/Assets/Maps/Materials/M_Bloodrun17.uexp" 692
"D:/GameDev/Unreal/Quake/Content/Assets/Maps/Materials/T_Bloodrun18.uasset" 693
"D:/GameDev/Unreal/Quake/Content/Assets/Maps/Materials/T_Bloodrun18.uexp" 694
"D:/GameDev/Unreal/Quake/Content/Assets/Maps/Materials/T_Bloodrun18.ubulk" 695
"D:/GameDev/Unreal/Quake/Content/Assets/Maps/Materials/M_Bloodrun18.uasset" 696
"D:/GameDev/Unreal/Quake/Content/Assets/Maps/Materials/M_Bloodrun18.uexp" 697
"D:/GameDev/Unreal/Quake/Content/Assets/Maps/Materials/T_Bloodrun19.uasset" 698
"D:/GameDev/Unreal/Quake/Content/Assets/Maps/Materials/T_Bloodrun19.uexp" 699
"D:/GameDev/Unreal/Quake/Content/Assets/Maps/Materials/T_Bloodrun19.ubulk" 700
"D:/GameDev/Unreal/Quake/Content/Assets/Maps/Materials/M_Bloodrun19.uasset" 701
"D:/GameDev/Unreal/Quake/Content/Assets/Maps/Materials/M_Bloodrun19.uexp" 702
"D:/GameDev/Unreal/Quake/Content/Assets/Maps/Materials/T_Bloodrun16.uasset" 703
"D:/GameDev/Unreal/Quake/Content/Assets/Maps/Materials/T_Bloodrun16.uexp" 704
"D:/GameDev/Unreal/Quake/Content/Assets/Maps/Materials/T_Bloodrun16.ubulk" 705
"D:/GameDev/Unreal/Quake/Content/Assets/Maps/Materials/M_Bloodrun16.uasset" 706
"D:/GameDev/Unreal/Quake/Content/Assets/Maps/Materials/M_Bloodrun16.uexp" 707
"D:/GameDev/Unreal/Quake/Content/Assets/Maps/Materials/T_Bloodrun14.uasset" 708
"D:/GameDev/Unreal/Quake/Content/Assets/Maps/Materials/T_Bloodrun14.uexp" 709
"D:/GameDev/Unreal/Quake/Content/Assets/Maps/Materials/T_Bloodrun14.ubulk" 710
"D:/GameDev/Unreal/Quake/Content/Assets/Maps/Materials/M_Bloodrun14.uasset" 711
"D:/GameDev/Unreal/Quake/Content/Assets/Maps/Materials/M_Bloodrun14.uexp" 712
"D:/GameDev/Unreal/Quake/Content/Assets/Maps/Materials/T_Bloodrun13.uasset" 713
"D:/GameDev/Unreal/Quake/Content/Assets/Maps/Materials/T_Bloodrun13.uexp" 714
"D:/GameDev/Unreal/Quake/Content/Assets/Maps/Materials/T_Bloodrun13.ubulk" 715
"D:/GameDev/Unreal/Quake/Content/Assets/Maps/Materials/M_Bloodrun13.uasset" 716
"D:/GameDev/Unreal/Quake/Content/Assets/Maps/Materials/M_Bloodrun13.uexp" 717
"D:/GameDev/Unreal/Quake/Content/Assets/Maps/Materials/T_Bloodrun12.uasset" 718
"D:/GameDev/Unreal/Quake/Content/Assets/Maps/Materials/T_Bloodrun12.uexp" 719
"D:/GameDev/Unreal/Quake/Content/Assets/Maps/Materials/T_Bloodrun12.ubulk" 720
"D:/GameDev/Unreal/Quake/Content/Assets/Maps/Materials/M_Bloodrun12.uasset" 721
"D:/GameDev/Unreal/Quake/Content/Assets/Maps/Materials/M_Bloodrun12.uexp" 722
"D:/GameDev/Unreal/Quake/Content/Assets/Maps/Materials/T_Bloodrun11.uasset" 723
"D:/GameDev/Unreal/Quake/Content/Assets/Maps/Materials/T_Bloodrun11.uexp" 724
"D:/GameDev/Unreal/Quake/Content/Assets/Maps/Materials/T_Bloodrun11.ubulk" 725
"D:/GameDev/Unreal/Quake/Content/Assets/Maps/Materials/M_Bloodrun11.uasset" 726
"D:/GameDev/Unreal/Quake/Content/Assets/Maps/Materials/M_Bloodrun11.uexp" 727
"D:/GameDev/Unreal/Quake/Content/Assets/Maps/Materials/T_Bloodrun10.uasset" 728
"D:/GameDev/Unreal/Quake/Content/Assets/Maps/Materials/T_Bloodrun10.uexp" 729
"D:/GameDev/Unreal/Quake/Content/Assets/Maps/Materials/T_Bloodrun10.ubulk" 730
"D:/GameDev/Unreal/Quake/Content/Assets/Maps/Materials/M_Bloodrun10.uasset" 731
"D:/GameDev/Unreal/Quake/Content/Assets/Maps/Materials/M_Bloodrun10.uexp" 732
"D:/GameDev/Unreal/Quake/Content/Assets/Maps/Materials/T_Bloodrun09.uasset" 733
"D:/GameDev/Unreal/Quake/Content/Assets/Maps/Materials/T_Bloodrun09.uexp" 734
"D:/GameDev/Unreal/Quake/Content/Assets/Maps/Materials/T_Bloodrun09.ubulk" 735
"D:/GameDev/Unreal/Quake/Content/Assets/Maps/Materials/M_Bloodrun09.uasset" 736
"D:/GameDev/Unreal/Quake/Content/Assets/Maps/Materials/M_Bloodrun09.uexp" 737
"D:/GameDev/Unreal/Quake/Content/Assets/Maps/Materials/T_Bloodrun08.uasset" 738
"D:/GameDev/Unreal/Quake/Content/Assets/Maps/Materials/T_Bloodrun08.uexp" 739
"D:/GameDev/Unreal/Quake/Content/Assets/Maps/Materials/T_Bloodrun08.ubulk" 740
"D:/GameDev/Unreal/Quake/Content/Assets/Maps/Materials/M_Bloodrun08.uasset" 741
"D:/GameDev/Unreal/Quake/Content/Assets/Maps/Materials/M_Bloodrun08.uexp" 742
"D:/GameDev/Unreal/Quake/Content/Assets/Maps/Materials/T_Bloodrun06.uasset" 743
"D:/GameDev/Unreal/Quake/Content/Assets/Maps/Materials/T_Bloodrun06.uexp" 744
"D:/GameDev/Unreal/Quake/Content/Assets/Maps/Materials/T_Bloodrun06.ubulk" 745
"D:/GameDev/Unreal/Quake/Content/Assets/Maps/Materials/M_Bloodrun06.uasset" 746
"D:/GameDev/Unreal/Quake/Content/Assets/Maps/Materials/M_Bloodrun06.uexp" 747
"D:/GameDev/Unreal/Quake/Content/Assets/Maps/Materials/T_Bloodrun05.uasset" 748
"D:/GameDev/Unreal/Quake/Content/Assets/Maps/Materials/T_Bloodrun05.uexp" 749
"D:/GameDev/Unreal/Quake/Content/Assets/Maps/Materials/T_Bloodrun05.ubulk" 750
"D:/GameDev/Unreal/Quake/Content/Assets/Maps/Materials/M_Bloodrun05.uasset" 751
"D:/GameDev/Unreal/Quake/Content/Assets/Maps/Materials/M_Bloodrun05.uexp" 752
"D:/GameDev/Unreal/Quake/Content/Assets/Maps/Materials/T_Bloodrun04.uasset" 753
"D:/GameDev/Unreal/Quake/Content/Assets/Maps/Materials/T_Bloodrun04.uexp" 754
"D:/GameDev/Unreal/Quake/Content/Assets/Maps/Materials/T_Bloodrun04.ubulk" 755
"D:/GameDev/Unreal/Quake/Content/Assets/Maps/Materials/M_Bloodrun04.uasset" 756
"D:/GameDev/Unreal/Quake/Content/Assets/Maps/Materials/M_Bloodrun04.uexp" 757
"D:/GameDev/Unreal/Quake/Content/Assets/Maps/Materials/T_Bloodrun03.uasset" 758
"D:/GameDev/Unreal/Quake/Content/Assets/Maps/Materials/T_Bloodrun03.uexp" 759
"D:/GameDev/Unreal/Quake/Content/Assets/Maps/Materials/T_Bloodrun03.ubulk" 760
"D:/GameDev/Unreal/Quake/Content/Assets/Maps/Materials/M_Bloodrun03.uasset" 761
"D:/GameDev/Unreal/Quake/Content/Assets/Maps/Materials/M_Bloodrun03.uexp" 762
"D:/GameDev/Unreal/Quake/Content/Assets/Maps/Materials/T_Bloodrun02.uasset" 763
"D:/GameDev/Unreal/Quake/Content/Assets/Maps/Materials/T_Bloodrun02.uexp" 764
"D:/GameDev/Unreal/Quake/Content/Assets/Maps/Materials/T_Bloodrun02.ubulk" 765
"D:/GameDev/Unreal/Quake/Content/Assets/Maps/Materials/M_Bloodrun02.uasset" 766
"D:/GameDev/Unreal/Quake/Content/Assets/Maps/Materials/M_Bloodrun02.uexp" 767
"D:/GameDev/Unreal/Quake/Content/Assets/Maps/Materials/T_Bloodrun01.uasset" 768
"D:/GameDev/Unreal/Quake/Content/Assets/Maps/Materials/T_Bloodrun01.uexp" 769
"D:/GameDev/Unreal/Quake/Content/Assets/Maps/Materials/T_Bloodrun01.ubulk" 770
"D:/GameDev/Unreal/Quake/Content/Assets/Maps/Materials/M_Bloodrun01.uasset" 771
"D:/GameDev/Unreal/Quake/Content/Assets/Maps/Materials/M_Bloodrun01.uexp" 772
"D:/GameDev/Unreal/Quake/Content/Assets/Maps/Materials/T_Bloodrun07.uasset" 773
"D:/GameDev/Unreal/Quake/Content/Assets/Maps/Materials/T_Bloodrun07.uexp" 774
"D:/GameDev/Unreal/Quake/Content/Assets/Maps/Materials/T_Bloodrun07.ubulk" 775
"D:/GameDev/Unreal/Quake/Content/Assets/Maps/Materials/M_Bloodrun007.uasset" 776
"D:/GameDev/Unreal/Quake/Content/Assets/Maps/Materials/M_Bloodrun007.uexp" 777
"D:/GameDev/Unreal/Quake/Content/Assets/Maps/Materials/T_Bloodrun00.uasset" 778
"D:/GameDev/Unreal/Quake/Content/Assets/Maps/Materials/T_Bloodrun00.uexp" 779
"D:/GameDev/Unreal/Quake/Content/Assets/Maps/Materials/T_Bloodrun00.ubulk" 780
"D:/GameDev/Unreal/Quake/Content/Assets/Maps/Materials/M_Bloodrun00.uasset" 781
"D:/GameDev/Unreal/Quake/Content/Assets/Maps/Materials/M_Bloodrun00.uexp" 782
"D:/GameDev/Unreal/Quake/Content/Assets/Maps/SM_Bloodrun.uasset" 783
"D:/GameDev/Unreal/Quake/Content/Assets/Maps/SM_Bloodrun.uexp" 784
"D:/GameDev/Unreal/Quake/Content/Levels/BloodrunDeathmatch.uexp" 785
"D:/GameDev/Unreal/Quake/Content/Levels/BloodrunDeathmatch.umap" 786
"D:/GameDev/Unreal/Quake/Content/Levels/MainMenu_BuiltData.uasset" 787
"D:/GameDev/Unreal/Quake/Content/Levels/MainMenu_BuiltData.uexp" 788
"D:/GameDev/Unreal/Quake/Content/Blueprints/Game/BP_GameInstanceGameLobby.uasset" 789
"D:/GameDev/Unreal/Quake/Content/Blueprints/Game/BP_GameInstanceGameLobby.uexp" 790
"D:/GameDev/Unreal/Quake/Content/Levels/MainMenu.uexp" 791
"D:/GameDev/Unreal/Quake/Content/Levels/MainMenu.umap" 792
"D:/GameDev/Unreal/Quake/Content/Blueprints/UI/Menus/MainMenu/WBP_SessionPlayerDisplay.uasset" 793
"D:/GameDev/Unreal/Quake/Content/Blueprints/UI/Menus/MainMenu/WBP_SessionPlayerDisplay.uexp" 794
"D:/GameDev/Unreal/Quake/Content/Blueprints/UI/Menus/MainMenu/WBP_GameLobby.uasset" 795
"D:/GameDev/Unreal/Quake/Content/Blueprints/UI/Menus/MainMenu/WBP_GameLobby.uexp" 796
"D:/GameDev/Unreal/Quake/Content/Blueprints/UI/Menus/MainMenu/HUD_GameLobby.uasset" 797
"D:/GameDev/Unreal/Quake/Content/Blueprints/UI/Menus/MainMenu/HUD_GameLobby.uexp" 798
"D:/GameDev/Unreal/Quake/Content/Blueprints/Player/BP_MenuController.uasset" 799
"D:/GameDev/Unreal/Quake/Content/Blueprints/Player/BP_MenuController.uexp" 800
"D:/GameDev/Unreal/Quake/Content/Blueprints/Game/GM_GameLobby.uasset" 801
"D:/GameDev/Unreal/Quake/Content/Blueprints/Game/GM_GameLobby.uexp" 802
"D:/GameDev/Unreal/Quake/Content/Levels/SessionLobby.uexp" 803
"D:/GameDev/Unreal/Quake/Content/Levels/SessionLobby.umap" 804
"D:/GameDev/Unreal/Quake/Content/StarterContent/Materials/M_Basic_Floor.uasset" 805
"D:/GameDev/Unreal/Quake/Content/StarterContent/Materials/M_Basic_Floor.uexp" 806
"D:/GameDev/Unreal/Quake/Content/StarterContent/Architecture/Floor_400x400.uasset" 807
"D:/GameDev/Unreal/Quake/Content/StarterContent/Architecture/Floor_400x400.uexp" 808
"D:/GameDev/Unreal/Quake/Content/StarterContent/Textures/T_TableRound_N.uasset" 809
"D:/GameDev/Unreal/Quake/Content/StarterContent/Textures/T_TableRound_N.uexp" 810
"D:/GameDev/Unreal/Quake/Content/StarterContent/Textures/T_TableRound_N.ubulk" 811
"D:/GameDev/Unreal/Quake/Content/StarterContent/Textures/T_TableRound_M.uasset" 812
"D:/GameDev/Unreal/Quake/Content/StarterContent/Textures/T_TableRound_M.uexp" 813
"D:/GameDev/Unreal/Quake/Content/StarterContent/Textures/T_TableRound_M.ubulk" 814
"D:/GameDev/Unreal/Quake/Content/StarterContent/Props/Materials/M_TableRound.uasset" 815
"D:/GameDev/Unreal/Quake/Content/StarterContent/Props/Materials/M_TableRound.uexp" 816
"D:/GameDev/Unreal/Quake/Content/StarterContent/Props/SM_TableRound.uasset" 817
"D:/GameDev/Unreal/Quake/Content/StarterContent/Props/SM_TableRound.uexp" 818
"D:/GameDev/Unreal/Quake/Content/StarterContent/Textures/T_Statue_N.uasset" 819
"D:/GameDev/Unreal/Quake/Content/StarterContent/Textures/T_Statue_N.uexp" 820
"D:/GameDev/Unreal/Quake/Content/StarterContent/Textures/T_Statue_N.ubulk" 821
"D:/GameDev/Unreal/Quake/Content/StarterContent/Textures/T_Statue_M.uasset" 822
"D:/GameDev/Unreal/Quake/Content/StarterContent/Textures/T_Statue_M.uexp" 823
"D:/GameDev/Unreal/Quake/Content/StarterContent/Textures/T_Statue_M.ubulk" 824
"D:/GameDev/Unreal/Quake/Content/StarterContent/Props/Materials/M_Statue.uasset" 825
"D:/GameDev/Unreal/Quake/Content/StarterContent/Props/Materials/M_Statue.uexp" 826
"D:/GameDev/Unreal/Quake/Content/StarterContent/Props/Materials/M_StatueGlass.uasset" 827
"D:/GameDev/Unreal/Quake/Content/StarterContent/Props/Materials/M_StatueGlass.uexp" 828
"D:/GameDev/Unreal/Quake/Content/StarterContent/Props/SM_Statue.uasset" 829
"D:/GameDev/Unreal/Quake/Content/StarterContent/Props/SM_Statue.uexp" 830
"D:/GameDev/Unreal/Quake/Content/StarterContent/Textures/T_Chair_N.uasset" 831
"D:/GameDev/Unreal/Quake/Content/StarterContent/Textures/T_Chair_N.uexp" 832
"D:/GameDev/Unreal/Quake/Content/StarterContent/Textures/T_Chair_N.ubulk" 833
"D:/GameDev/Unreal/Quake/Content/StarterContent/Textures/T_Chair_M.uasset" 834
"D:/GameDev/Unreal/Quake/Content/StarterContent/Textures/T_Chair_M.uexp" 835
"D:/GameDev/Unreal/Quake/Content/StarterContent/Textures/T_Chair_M.ubulk" 836
"D:/GameDev/Unreal/Quake/Content/StarterContent/Props/Materials/M_Chair.uasset" 837
"D:/GameDev/Unreal/Quake/Content/StarterContent/Props/Materials/M_Chair.uexp" 838
"D:/GameDev/Unreal/Quake/Content/StarterContent/Props/SM_Chair.uasset" 839
"D:/GameDev/Unreal/Quake/Content/StarterContent/Props/SM_Chair.uexp" 840
"D:/GameDev/Unreal/Quake/Content/StarterContent/Textures/T_Metal_Copper_D.uasset" 841
"D:/GameDev/Unreal/Quake/Content/StarterContent/Textures/T_Metal_Copper_D.uexp" 842
"D:/GameDev/Unreal/Quake/Content/StarterContent/Textures/T_Metal_Copper_D.ubulk" 843
"D:/GameDev/Unreal/Quake/Content/StarterContent/Textures/T_Metal_Gold_N.uasset" 844
"D:/GameDev/Unreal/Quake/Content/StarterContent/Textures/T_Metal_Gold_N.uexp" 845
"D:/GameDev/Unreal/Quake/Content/StarterContent/Textures/T_Metal_Gold_N.ubulk" 846
"D:/GameDev/Unreal/Quake/Content/StarterContent/Textures/T_MacroVariation.uasset" 847
"D:/GameDev/Unreal/Quake/Content/StarterContent/Textures/T_MacroVariation.uexp" 848
"D:/GameDev/Unreal/Quake/Content/StarterContent/Materials/M_Metal_Copper.uasset" 849
"D:/GameDev/Unreal/Quake/Content/StarterContent/Materials/M_Metal_Copper.uexp" 850
"D:/GameDev/Unreal/Quake/Content/StarterContent/Textures/T_Metal_Aluminum_D.uasset" 851
"D:/GameDev/Unreal/Quake/Content/StarterContent/Textures/T_Metal_Aluminum_D.uexp" 852
"D:/GameDev/Unreal/Quake/Content/StarterContent/Textures/T_Metal_Aluminum_D.ubulk" 853
"D:/GameDev/Unreal/Quake/Content/StarterContent/Materials/M_Metal_Burnished_Steel.uasset" 854
"D:/GameDev/Unreal/Quake/Content/StarterContent/Materials/M_Metal_Burnished_Steel.uexp" 855
"D:/GameDev/Unreal/Quake/Content/StarterContent/Materials/M_Metal_Brushed_Nickel.uasset" 856
"D:/GameDev/Unreal/Quake/Content/StarterContent/Materials/M_Metal_Brushed_Nickel.uexp" 857
"../../../Engine/Content/EngineSky/T_Sky_Stars.uasset" 858
"../../../Engine/Content/EngineSky/T_Sky_Stars.uexp" 859
"../../../Engine/Content/EngineSky/T_Sky_Stars.ubulk" 860
"../../../Engine/Content/EngineSky/T_Sky_Clouds_M.uasset" 861
"../../../Engine/Content/EngineSky/T_Sky_Clouds_M.uexp" 862
"../../../Engine/Content/EngineSky/T_Sky_Clouds_M.ubulk" 863
"../../../Engine/Content/EngineSky/T_Sky_Blue.uasset" 864
"../../../Engine/Content/EngineSky/T_Sky_Blue.uexp" 865
"../../../Engine/Content/EngineSky/T_Sky_Blue.ubulk" 866
"../../../Engine/Content/EngineSky/M_Sky_Panning_Clouds2.uasset" 867
"../../../Engine/Content/EngineSky/M_Sky_Panning_Clouds2.uexp" 868
"D:/GameDev/Unreal/Quake/Content/StarterContent/Maps/Minimal_Default_BuiltData.uasset" 869
"D:/GameDev/Unreal/Quake/Content/StarterContent/Maps/Minimal_Default_BuiltData.uexp" 870
"D:/GameDev/Unreal/Quake/Content/StarterContent/Maps/Minimal_Default_BuiltData.ubulk" 871
"../../../Engine/Content/EngineSky/SM_SkySphere.uasset" 872
"../../../Engine/Content/EngineSky/SM_SkySphere.uexp" 873
"../../../Engine/Content/EngineSky/C_Sky_Zenith_Color.uasset" 874
"../../../Engine/Content/EngineSky/C_Sky_Zenith_Color.uexp" 875
"../../../Engine/Content/EngineSky/C_Sky_Horizon_Color.uasset" 876
"../../../Engine/Content/EngineSky/C_Sky_Horizon_Color.uexp" 877
"../../../Engine/Content/EngineSky/C_Sky_Cloud_Color.uasset" 878
"../../../Engine/Content/EngineSky/C_Sky_Cloud_Color.uexp" 879
"../../../Engine/Content/EngineSky/BP_Sky_Sphere.uasset" 880
"../../../Engine/Content/EngineSky/BP_Sky_Sphere.uexp" 881
"D:/GameDev/Unreal/Quake/Content/StarterContent/Audio/Starter_Background_Cue.uasset" 882
"D:/GameDev/Unreal/Quake/Content/StarterContent/Audio/Starter_Background_Cue.uexp" 883
"D:/GameDev/Unreal/Quake/Content/StarterContent/Maps/Minimal_Default.uexp" 884
"D:/GameDev/Unreal/Quake/Content/StarterContent/Maps/Minimal_Default.umap" 885
