"D:/GameDev/Unreal/Quake/Content/Blueprints/Game/BP_GameInstanceGameLobby.uasset" 0
"D:/GameDev/Unreal/Quake/Content/Blueprints/Game/BP_GameInstanceGameLobby.uexp" 1
"D:/GameDev/Unreal/Quake/Content/Blueprints/Player/BP_GameController.uasset" 2
"D:/GameDev/Unreal/Quake/Content/Blueprints/Player/BP_GameController.uexp" 3
"D:/GameDev/Unreal/Quake/Content/Assets/UI/T_HealthBar.uasset" 4
"D:/GameDev/Unreal/Quake/Content/Assets/UI/T_HealthBar.uexp" 5
"D:/GameDev/Unreal/Quake/Content/Assets/UI/M_StackedProgressBar.uasset" 6
"D:/GameDev/Unreal/Quake/Content/Assets/UI/M_StackedProgressBar.uexp" 7
"D:/GameDev/Unreal/Quake/Content/Assets/UI/MI_HealthBar.uasset" 8
"D:/GameDev/Unreal/Quake/Content/Assets/UI/MI_HealthBar.uexp" 9
"D:/GameDev/Unreal/Quake/Content/Blueprints/UI/HUD/WBP_StackedProgressBar.uasset" 10
"D:/GameDev/Unreal/Quake/Content/Blueprints/UI/HUD/WBP_StackedProgressBar.uexp" 11
"D:/GameDev/Unreal/Quake/Content/Assets/UI/MI_ShieldBar.uasset" 12
"D:/GameDev/Unreal/Quake/Content/Assets/UI/MI_ShieldBar.uexp" 13
"D:/GameDev/Unreal/Quake/Content/Blueprints/UI/HUD/WBP_ShieldBar.uasset" 14
"D:/GameDev/Unreal/Quake/Content/Blueprints/UI/HUD/WBP_ShieldBar.uexp" 15
"D:/GameDev/Unreal/Quake/Content/Blueprints/UI/HUD/WBP_HealthBar.uasset" 16
"D:/GameDev/Unreal/Quake/Content/Blueprints/UI/HUD/WBP_HealthBar.uexp" 17
"D:/GameDev/Unreal/Quake/Content/Blueprints/UI/HUD/WBP_HealthAndShieldBar.uasset" 18
"D:/GameDev/Unreal/Quake/Content/Blueprints/UI/HUD/WBP_HealthAndShieldBar.uexp" 19
"D:/GameDev/Unreal/Quake/Content/Assets/UI/T_CrosshairPoint_D.uasset" 20
"D:/GameDev/Unreal/Quake/Content/Assets/UI/T_CrosshairPoint_D.uexp" 21
"D:/GameDev/Unreal/Quake/Content/Blueprints/UI/HUD/WBP_Crosshair.uasset" 22
"D:/GameDev/Unreal/Quake/Content/Blueprints/UI/HUD/WBP_Crosshair.uexp" 23
"D:/GameDev/Unreal/Quake/Content/Assets/UI/RocketAmmo.uasset" 24
"D:/GameDev/Unreal/Quake/Content/Assets/UI/RocketAmmo.uexp" 25
"D:/GameDev/Unreal/Quake/Content/Blueprints/UI/HUD/WBP_Ammo.uasset" 26
"D:/GameDev/Unreal/Quake/Content/Blueprints/UI/HUD/WBP_Ammo.uexp" 27
"D:/GameDev/Unreal/Quake/Content/Blueprints/UI/HUD/HUD_Player.uasset" 28
"D:/GameDev/Unreal/Quake/Content/Blueprints/UI/HUD/HUD_Player.uexp" 29
"D:/GameDev/Unreal/Quake/Content/Blueprints/UI/Menus/MainMenu/WBP_SessionButton.uasset" 30
"D:/GameDev/Unreal/Quake/Content/Blueprints/UI/Menus/MainMenu/WBP_SessionButton.uexp" 31
"../../../Engine/Content/EditorBlueprintResources/StandardMacros.uasset" 32
"../../../Engine/Content/EditorBlueprintResources/StandardMacros.uexp" 33
"D:/GameDev/Unreal/Quake/Content/Blueprints/UI/Menus/MainMenu/WBP_SessionsList.uasset" 34
"D:/GameDev/Unreal/Quake/Content/Blueprints/UI/Menus/MainMenu/WBP_SessionsList.uexp" 35
"D:/GameDev/Unreal/Quake/Content/Blueprints/UI/Menus/MainMenu/WBP_CreateJoinSession.uasset" 36
"D:/GameDev/Unreal/Quake/Content/Blueprints/UI/Menus/MainMenu/WBP_CreateJoinSession.uexp" 37
"D:/GameDev/Unreal/Quake/Content/Blueprints/UI/Menus/MainMenu/WBP_MainMenu.uasset" 38
"D:/GameDev/Unreal/Quake/Content/Blueprints/UI/Menus/MainMenu/WBP_MainMenu.uexp" 39
"D:/GameDev/Unreal/Quake/Content/Blueprints/UI/Menus/MainMenu/HUD_MainMenu.uasset" 40
"D:/GameDev/Unreal/Quake/Content/Blueprints/UI/Menus/MainMenu/HUD_MainMenu.uexp" 41
"../../../Engine/Content/Functions/Engine_MaterialFunctions01/Opacity/CameraDepthFade.uasset" 42
"../../../Engine/Content/Functions/Engine_MaterialFunctions01/Opacity/CameraDepthFade.uexp" 43
"../../../Engine/Content/EngineMaterials/T_Default_Material_Grid_N.uasset" 44
"../../../Engine/Content/EngineMaterials/T_Default_Material_Grid_N.uexp" 45
"../../../Engine/Content/EngineMaterials/T_Default_Material_Grid_M.uasset" 46
"../../../Engine/Content/EngineMaterials/T_Default_Material_Grid_M.uexp" 47
"../../../Engine/Content/EngineMaterials/WorldGridMaterial.uasset" 48
"../../../Engine/Content/EngineMaterials/WorldGridMaterial.uexp" 49
"../../../Engine/Content/ArtTools/RenderToTexture/Meshes/S_1_Unit_Plane.uasset" 50
"../../../Engine/Content/ArtTools/RenderToTexture/Meshes/S_1_Unit_Plane.uexp" 51
"../../../Engine/Content/EngineMaterials/DefaultMaterial.uasset" 52
"../../../Engine/Content/EngineMaterials/DefaultMaterial.uexp" 53
"../../../Engine/Content/BasicShapes/Cone.uasset" 54
"../../../Engine/Content/BasicShapes/Cone.uexp" 55
"../../../Engine/Content/BasicShapes/Cube.uasset" 56
"../../../Engine/Content/BasicShapes/Cube.uexp" 57
"../../../Engine/Content/BasicShapes/Plane.uasset" 58
"../../../Engine/Content/BasicShapes/Plane.uexp" 59
"../../../Engine/Content/BasicShapes/Sphere.uasset" 60
"../../../Engine/Content/BasicShapes/Sphere.uexp" 61
"../../../Engine/Content/EditorLandscapeResources/DataLayer.uasset" 62
"../../../Engine/Content/EditorLandscapeResources/DataLayer.uexp" 63
"../../../Engine/Content/EditorLandscapeResources/DefaultAlphaTexture.uasset" 64
"../../../Engine/Content/EditorLandscapeResources/DefaultAlphaTexture.uexp" 65
"../../../Engine/Content/EditorMaterials/MAT_Groups_Toggle.uasset" 66
"../../../Engine/Content/EditorMaterials/MAT_Groups_Toggle.uexp" 67
"../../../Engine/Content/EditorMaterials/MAT_Groups_Visibility.uasset" 68
"../../../Engine/Content/EditorMaterials/MAT_Groups_Visibility.uexp" 69
"../../../Engine/Content/EditorMaterials/PreviewShadowIndicator.uasset" 70
"../../../Engine/Content/EditorMaterials/PreviewShadowIndicator.uexp" 71
"../../../Engine/Content/EditorMaterials/PreviewShadowIndicatorMaterial.uasset" 72
"../../../Engine/Content/EditorMaterials/PreviewShadowIndicatorMaterial.uexp" 73
"../../../Engine/Content/EditorMaterials/MatineeGroups/MAT_ColorTrack.uasset" 74
"../../../Engine/Content/EditorMaterials/MatineeGroups/MAT_ColorTrack.uexp" 75
"../../../Engine/Content/EditorMaterials/MatineeGroups/MAT_Groups_Anim.uasset" 76
"../../../Engine/Content/EditorMaterials/MatineeGroups/MAT_Groups_Anim.uexp" 77
"../../../Engine/Content/EditorMaterials/MatineeGroups/MAT_Groups_AudioMaster.uasset" 78
"../../../Engine/Content/EditorMaterials/MatineeGroups/MAT_Groups_AudioMaster.uexp" 79
"../../../Engine/Content/EditorMaterials/MatineeGroups/MAT_Groups_Director.uasset" 80
"../../../Engine/Content/EditorMaterials/MatineeGroups/MAT_Groups_Director.uexp" 81
"../../../Engine/Content/EditorMaterials/MatineeGroups/MAT_Groups_Event.uasset" 82
"../../../Engine/Content/EditorMaterials/MatineeGroups/MAT_Groups_Event.uexp" 83
"../../../Engine/Content/EditorMaterials/MatineeGroups/MAT_Groups_Fade.uasset" 84
"../../../Engine/Content/EditorMaterials/MatineeGroups/MAT_Groups_Fade.uexp" 85
"../../../Engine/Content/EditorMaterials/MatineeGroups/MAT_Groups_Float.uasset" 86
"../../../Engine/Content/EditorMaterials/MatineeGroups/MAT_Groups_Float.uexp" 87
"../../../Engine/Content/EditorMaterials/MatineeGroups/MAT_Groups_Move.uasset" 88
"../../../Engine/Content/EditorMaterials/MatineeGroups/MAT_Groups_Move.uexp" 89
"../../../Engine/Content/EditorMaterials/MatineeGroups/MAT_Groups_Slomo.uasset" 90
"../../../Engine/Content/EditorMaterials/MatineeGroups/MAT_Groups_Slomo.uexp" 91
"../../../Engine/Content/EditorMaterials/MatineeGroups/MAT_Groups_Sound.uasset" 92
"../../../Engine/Content/EditorMaterials/MatineeGroups/MAT_Groups_Sound.uexp" 93
"../../../Engine/Content/EditorMaterials/MatineeGroups/MAT_Groups_Vector.uasset" 94
"../../../Engine/Content/EditorMaterials/MatineeGroups/MAT_Groups_Vector.uexp" 95
"../../../Engine/Content/EditorMaterials/ParticleSystems/PSysThumbnail_NoImage.uasset" 96
"../../../Engine/Content/EditorMaterials/ParticleSystems/PSysThumbnail_NoImage.uexp" 97
"../../../Engine/Content/EditorMaterials/ParticleSystems/PSysThumbnail_OOD.uasset" 98
"../../../Engine/Content/EditorMaterials/ParticleSystems/PSysThumbnail_OOD.uexp" 99
"../../../Engine/Content/EditorMaterials/Camera/CineMat.uasset" 100
"../../../Engine/Content/EditorMaterials/Camera/CineMat.uexp" 101
"../../../Engine/Content/EditorMaterials/Camera/MI_CineMat_Rig.uasset" 102
"../../../Engine/Content/EditorMaterials/Camera/MI_CineMat_Rig.uexp" 103
"../../../Engine/Content/EditorMeshes/Camera/SM_CraneRig_Arm.uasset" 104
"../../../Engine/Content/EditorMeshes/Camera/SM_CraneRig_Arm.uexp" 105
"../../../Engine/Content/EditorMeshes/Camera/SM_CraneRig_Base.uasset" 106
"../../../Engine/Content/EditorMeshes/Camera/SM_CraneRig_Base.uexp" 107
"../../../Engine/Content/EditorMeshes/Camera/SM_CraneRig_Body.uasset" 108
"../../../Engine/Content/EditorMeshes/Camera/SM_CraneRig_Body.uexp" 109
"../../../Engine/Content/EditorMeshes/Camera/SM_CraneRig_Mount.uasset" 110
"../../../Engine/Content/EditorMeshes/Camera/SM_CraneRig_Mount.uexp" 111
"../../../Engine/Content/EditorMeshes/Camera/SM_RailRig_Mount.uasset" 112
"../../../Engine/Content/EditorMeshes/Camera/SM_RailRig_Mount.uexp" 113
"../../../Engine/Content/EditorMeshes/Camera/SM_RailRig_Track.uasset" 114
"../../../Engine/Content/EditorMeshes/Camera/SM_RailRig_Track.uexp" 115
"../../../Engine/Content/EditorResources/BSPVertex.uasset" 116
"../../../Engine/Content/EditorResources/BSPVertex.uexp" 117
"../../../Engine/Content/EditorResources/EmptyActor.uasset" 118
"../../../Engine/Content/EditorResources/EmptyActor.uexp" 119
"../../../Engine/Content/EditorResources/S_Actor.uasset" 120
"../../../Engine/Content/EditorResources/S_Actor.uexp" 121
"../../../Engine/Content/EditorResources/S_Note.uasset" 122
"../../../Engine/Content/EditorResources/S_Note.uexp" 123
"../../../Engine/Content/EditorResources/S_Solver.uasset" 124
"../../../Engine/Content/EditorResources/S_Solver.uexp" 125
"../../../Engine/Content/EditorResources/S_Terrain.uasset" 126
"../../../Engine/Content/EditorResources/S_Terrain.uexp" 127
"../../../Engine/Content/EditorResources/S_Trigger.uasset" 128
"../../../Engine/Content/EditorResources/S_Trigger.uexp" 129
"../../../Engine/Content/EditorResources/SequenceRecorder/Countdown.uasset" 130
"../../../Engine/Content/EditorResources/SequenceRecorder/Countdown.uexp" 131
"../../../Engine/Content/EditorResources/SequenceRecorder/RecordingIndicator.uasset" 132
"../../../Engine/Content/EditorResources/SequenceRecorder/RecordingIndicator.uexp" 133
"../../../Engine/Content/EngineDamageTypes/DmgTypeBP_Environmental.uasset" 134
"../../../Engine/Content/EngineDamageTypes/DmgTypeBP_Environmental.uexp" 135
"../../../Engine/Content/EngineDebugMaterials/DebugEditorMaterial.uasset" 136
"../../../Engine/Content/EngineDebugMaterials/DebugEditorMaterial.uexp" 137
"../../../Engine/Content/EngineDebugMaterials/DebugMeshMaterial.uasset" 138
"../../../Engine/Content/EngineDebugMaterials/DebugMeshMaterial.uexp" 139
"../../../Engine/Content/EngineDebugMaterials/M_SimpleUnlitTranslucent.uasset" 140
"../../../Engine/Content/EngineDebugMaterials/M_SimpleUnlitTranslucent.uexp" 141
"../../../Engine/Content/Functions/Engine_MaterialFunctions02/Utility/CameraDirectionVector.uasset" 142
"../../../Engine/Content/Functions/Engine_MaterialFunctions02/Utility/CameraDirectionVector.uexp" 143
"../../../Engine/Content/EngineDebugMaterials/VolumeToRender.uasset" 144
"../../../Engine/Content/EngineDebugMaterials/VolumeToRender.uexp" 145
"../../../Engine/Content/EngineDebugMaterials/M_VolumeRenderSphereTracePP.uasset" 146
"../../../Engine/Content/EngineDebugMaterials/M_VolumeRenderSphereTracePP.uexp" 147
"../../../Engine/Content/Functions/Engine_MaterialFunctions01/Shading/ConvertFromDiffSpec.uasset" 148
"../../../Engine/Content/Functions/Engine_MaterialFunctions01/Shading/ConvertFromDiffSpec.uexp" 149
"../../../Engine/Content/EngineDebugMaterials/VertexColorMaterial.uasset" 150
"../../../Engine/Content/EngineDebugMaterials/VertexColorMaterial.uexp" 151
"../../../Engine/Content/EngineDebugMaterials/WireframeMaterial.uasset" 152
"../../../Engine/Content/EngineDebugMaterials/WireframeMaterial.uexp" 153
"../../../Engine/Content/EngineFonts/Faces/RobotoRegular.uasset" 154
"../../../Engine/Content/EngineFonts/Faces/RobotoRegular.uexp" 155
"../../../Engine/Content/EngineFonts/Faces/RobotoRegular.ufont" 156
"../../../Engine/Content/EngineFonts/Faces/RobotoLight.uasset" 157
"../../../Engine/Content/EngineFonts/Faces/RobotoLight.uexp" 158
"../../../Engine/Content/EngineFonts/Faces/RobotoLight.ufont" 159
"../../../Engine/Content/EngineFonts/Faces/RobotoItalic.uasset" 160
"../../../Engine/Content/EngineFonts/Faces/RobotoItalic.uexp" 161
"../../../Engine/Content/EngineFonts/Faces/RobotoItalic.ufont" 162
"../../../Engine/Content/EngineFonts/Faces/RobotoBoldItalic.uasset" 163
"../../../Engine/Content/EngineFonts/Faces/RobotoBoldItalic.uexp" 164
"../../../Engine/Content/EngineFonts/Faces/RobotoBoldItalic.ufont" 165
"../../../Engine/Content/EngineFonts/Faces/RobotoBold.uasset" 166
"../../../Engine/Content/EngineFonts/Faces/RobotoBold.uexp" 167
"../../../Engine/Content/EngineFonts/Faces/RobotoBold.ufont" 168
"../../../Engine/Content/EngineFonts/Faces/DroidSansFallback.uasset" 169
"../../../Engine/Content/EngineFonts/Faces/DroidSansFallback.uexp" 170
"../../../Engine/Content/EngineFonts/Faces/DroidSansFallback.ufont" 171
"../../../Engine/Content/EngineMaterials/BaseFlattenNormalMap.uasset" 172
"../../../Engine/Content/EngineMaterials/BaseFlattenNormalMap.uexp" 173
"../../../Engine/Content/EngineMaterials/BaseFlattenGrayscaleMap.uasset" 174
"../../../Engine/Content/EngineMaterials/BaseFlattenGrayscaleMap.uexp" 175
"../../../Engine/Content/EngineMaterials/BaseFlattenEmissiveMap.uasset" 176
"../../../Engine/Content/EngineMaterials/BaseFlattenEmissiveMap.uexp" 177
"../../../Engine/Content/EngineMaterials/BaseFlattenDiffuseMap.uasset" 178
"../../../Engine/Content/EngineMaterials/BaseFlattenDiffuseMap.uexp" 179
"../../../Engine/Content/EngineMaterials/BaseFlattenMaterial.uasset" 180
"../../../Engine/Content/EngineMaterials/BaseFlattenMaterial.uexp" 181
"../../../Engine/Content/EngineMaterials/BlueNoise.uasset" 182
"../../../Engine/Content/EngineMaterials/BlueNoise.uexp" 183
"../../../Engine/Content/EngineMaterials/DefaultBloomKernel.uasset" 184
"../../../Engine/Content/EngineMaterials/DefaultBloomKernel.uexp" 185
"../../../Engine/Content/EngineMaterials/DefaultBokeh.uasset" 186
"../../../Engine/Content/EngineMaterials/DefaultBokeh.uexp" 187
"../../../Engine/Content/EngineMaterials/DefaultDiffuse.uasset" 188
"../../../Engine/Content/EngineMaterials/DefaultDiffuse.uexp" 189
"../../../Engine/Content/EngineMaterials/DefaultDeferredDecalMaterial.uasset" 190
"../../../Engine/Content/EngineMaterials/DefaultDeferredDecalMaterial.uexp" 191
"../../../Engine/Content/EngineMaterials/DefaultLightFunctionMaterial.uasset" 192
"../../../Engine/Content/EngineMaterials/DefaultLightFunctionMaterial.uexp" 193
"../../../Engine/Content/EngineMaterials/DefaultPhysicalMaterial.uasset" 194
"../../../Engine/Content/EngineMaterials/DefaultPhysicalMaterial.uexp" 195
"../../../Engine/Content/Functions/Engine_MaterialFunctions02/Utility/BreakOutFloat2Components.uasset" 196
"../../../Engine/Content/Functions/Engine_MaterialFunctions02/Utility/BreakOutFloat2Components.uexp" 197
"../../../Engine/Content/EngineMaterials/DefaultPostProcessMaterial.uasset" 198
"../../../Engine/Content/EngineMaterials/DefaultPostProcessMaterial.uexp" 199
"../../../Engine/Content/EngineMaterials/DefaultTextMaterialOpaque.uasset" 200
"../../../Engine/Content/EngineMaterials/DefaultTextMaterialOpaque.uexp" 201
"../../../Engine/Content/EngineMaterials/DefaultWhiteGrid.uasset" 202
"../../../Engine/Content/EngineMaterials/DefaultWhiteGrid.uexp" 203
"../../../Engine/Content/EngineMaterials/DefaultWhiteGrid_Low.uasset" 204
"../../../Engine/Content/EngineMaterials/DefaultWhiteGrid_Low.uexp" 205
"../../../Engine/Content/EngineMaterials/EmissiveMeshMaterial.uasset" 206
"../../../Engine/Content/EngineMaterials/EmissiveMeshMaterial.uexp" 207
"../../../Engine/Content/EngineMaterials/GizmoMaterial.uasset" 208
"../../../Engine/Content/EngineMaterials/GizmoMaterial.uexp" 209
"../../../Engine/Content/EngineMaterials/Good64x64TilingNoiseHighFreq.uasset" 210
"../../../Engine/Content/EngineMaterials/Good64x64TilingNoiseHighFreq.uexp" 211
"../../../Engine/Content/EngineMaterials/MiniFont.uasset" 212
"../../../Engine/Content/EngineMaterials/MiniFont.uexp" 213
"../../../Engine/Content/EngineMaterials/InvalidLightmapSettings.uasset" 214
"../../../Engine/Content/EngineMaterials/InvalidLightmapSettings.uexp" 215
"../../../Engine/Content/EngineMaterials/M_InvalidLightmapSettings.uasset" 216
"../../../Engine/Content/EngineMaterials/M_InvalidLightmapSettings.uexp" 217
"../../../Engine/Content/Functions/Engine_MaterialFunctions02/WorldPositionOffset/CameraOffset.uasset" 218
"../../../Engine/Content/Functions/Engine_MaterialFunctions02/WorldPositionOffset/CameraOffset.uexp" 219
"../../../Engine/Content/EngineMaterials/PhAT_JointLimitMaterial.uasset" 220
"../../../Engine/Content/EngineMaterials/PhAT_JointLimitMaterial.uexp" 221
"../../../Engine/Content/EngineMaterials/DefaultCalibrationColor.uasset" 222
"../../../Engine/Content/EngineMaterials/DefaultCalibrationColor.uexp" 223
"../../../Engine/Content/EngineMaterials/PPM_DefaultCalibrationColor.uasset" 224
"../../../Engine/Content/EngineMaterials/PPM_DefaultCalibrationColor.uexp" 225
"../../../Engine/Content/EngineMaterials/DefaultCalibrationGrayscale.uasset" 226
"../../../Engine/Content/EngineMaterials/DefaultCalibrationGrayscale.uexp" 227
"../../../Engine/Content/EngineMaterials/PPM_DefaultCalibrationGrayscale.uasset" 228
"../../../Engine/Content/EngineMaterials/PPM_DefaultCalibrationGrayscale.uexp" 229
"../../../Engine/Content/EngineMaterials/PreintegratedSkinBRDF.uasset" 230
"../../../Engine/Content/EngineMaterials/PreintegratedSkinBRDF.uexp" 231
"../../../Engine/Content/EngineMaterials/RemoveSurfaceMaterial.uasset" 232
"../../../Engine/Content/EngineMaterials/RemoveSurfaceMaterial.uexp" 233
"../../../Engine/Content/EngineMaterials/WeightMapPlaceholderTexture.uasset" 234
"../../../Engine/Content/EngineMaterials/WeightMapPlaceholderTexture.uexp" 235
"../../../Engine/Content/EngineResources/WhiteSquareTexture.uasset" 236
"../../../Engine/Content/EngineResources/WhiteSquareTexture.uexp" 237
"../../../Engine/Content/EngineMaterials/Widget3DPassThrough.uasset" 238
"../../../Engine/Content/EngineMaterials/Widget3DPassThrough.uexp" 239
"../../../Engine/Content/EngineMaterials/Widget3DPassThrough_Masked.uasset" 240
"../../../Engine/Content/EngineMaterials/Widget3DPassThrough_Masked.uexp" 241
"../../../Engine/Content/EngineMaterials/Widget3DPassThrough_Opaque.uasset" 242
"../../../Engine/Content/EngineMaterials/Widget3DPassThrough_Opaque.uexp" 243
"../../../Engine/Content/EngineMaterials/Widget3DPassThrough_Masked_OneSided.uasset" 244
"../../../Engine/Content/EngineMaterials/Widget3DPassThrough_Masked_OneSided.uexp" 245
"../../../Engine/Content/EngineMaterials/Widget3DPassThrough_Opaque_OneSided.uasset" 246
"../../../Engine/Content/EngineMaterials/Widget3DPassThrough_Opaque_OneSided.uexp" 247
"../../../Engine/Content/EngineMaterials/Widget3DPassThrough_Translucent.uasset" 248
"../../../Engine/Content/EngineMaterials/Widget3DPassThrough_Translucent.uexp" 249
"../../../Engine/Content/EngineMaterials/Widget3DPassThrough_Translucent_OneSided.uasset" 250
"../../../Engine/Content/EngineMaterials/Widget3DPassThrough_Translucent_OneSided.uexp" 251
"../../../Engine/Content/EngineMeshes/Cube.uasset" 252
"../../../Engine/Content/EngineMeshes/Cube.uexp" 253
"../../../Engine/Content/EngineMeshes/Cylinder.uasset" 254
"../../../Engine/Content/EngineMeshes/Cylinder.uexp" 255
"../../../Engine/Content/EngineMeshes/Sphere.uasset" 256
"../../../Engine/Content/EngineMeshes/Sphere.uexp" 257
"../../../Engine/Content/EngineResources/DefaultTexture.uasset" 258
"../../../Engine/Content/EngineResources/DefaultTexture.uexp" 259
"../../../Engine/Content/EngineResources/DefaultTextureCube.uasset" 260
"../../../Engine/Content/EngineResources/DefaultTextureCube.uexp" 261
"../../../Engine/Content/EngineResources/DefaultVolumeTexture2D.uasset" 262
"../../../Engine/Content/EngineResources/DefaultVolumeTexture2D.uexp" 263
"../../../Engine/Content/EngineResources/DefaultVolumeTexture.uasset" 264
"../../../Engine/Content/EngineResources/DefaultVolumeTexture.uexp" 265
"../../../Engine/Content/EngineResources/GradientTexture0.uasset" 266
"../../../Engine/Content/EngineResources/GradientTexture0.uexp" 267
"../../../Engine/Content/EngineSky/VolumetricClouds/T_NoiseShape64.uasset" 268
"../../../Engine/Content/EngineSky/VolumetricClouds/T_NoiseShape64.uexp" 269
"../../../Engine/Content/EngineSky/VolumetricClouds/T_VolumeNoiseShape64.uasset" 270
"../../../Engine/Content/EngineSky/VolumetricClouds/T_VolumeNoiseShape64.uexp" 271
"../../../Engine/Content/EngineSky/VolumetricClouds/T_NoiseErosion.uasset" 272
"../../../Engine/Content/EngineSky/VolumetricClouds/T_NoiseErosion.uexp" 273
"../../../Engine/Content/EngineSky/VolumetricClouds/T_VolumeNoiseErosion32.uasset" 274
"../../../Engine/Content/EngineSky/VolumetricClouds/T_VolumeNoiseErosion32.uexp" 275
"../../../Engine/Content/Functions/Engine_MaterialFunctions02/Utility/MakeFloat2.uasset" 276
"../../../Engine/Content/Functions/Engine_MaterialFunctions02/Utility/MakeFloat2.uexp" 277
"../../../Engine/Content/EngineSky/VolumetricClouds/CloudWeatherTexture.uasset" 278
"../../../Engine/Content/EngineSky/VolumetricClouds/CloudWeatherTexture.uexp" 279
"../../../Engine/Content/EngineSky/VolumetricClouds/CloudGradientTexture.uasset" 280
"../../../Engine/Content/EngineSky/VolumetricClouds/CloudGradientTexture.uexp" 281
"../../../Engine/Content/EngineSky/VolumetricClouds/m_SimpleVolumetricCloud.uasset" 282
"../../../Engine/Content/EngineSky/VolumetricClouds/m_SimpleVolumetricCloud.uexp" 283
"../../../Engine/Content/EngineSky/VolumetricClouds/m_SimpleVolumetricCloud_Inst.uasset" 284
"../../../Engine/Content/EngineSky/VolumetricClouds/m_SimpleVolumetricCloud_Inst.uexp" 285
"../../../Engine/Content/EngineSounds/Master.uasset" 286
"../../../Engine/Content/EngineSounds/Master.uexp" 287
"../../../Engine/Content/Functions/Engine_MaterialFunctions01/Shading/PowerToRoughness.uasset" 288
"../../../Engine/Content/Functions/Engine_MaterialFunctions01/Shading/PowerToRoughness.uexp" 289
"../../../Engine/Content/Maps/Templates/Thumbnails/Default.uasset" 290
"../../../Engine/Content/Maps/Templates/Thumbnails/Default.uexp" 291
"../../../Engine/Content/Maps/Templates/Thumbnails/TimeOfDay.uasset" 292
"../../../Engine/Content/Maps/Templates/Thumbnails/TimeOfDay.uexp" 293
"../../../Engine/Content/Maps/Templates/Thumbnails/VR-Basic.uasset" 294
"../../../Engine/Content/Maps/Templates/Thumbnails/VR-Basic.uexp" 295
"../../../Engine/Content/MobileResources/T_MobileControls_texture.uasset" 296
"../../../Engine/Content/MobileResources/T_MobileControls_texture.uexp" 297
"../../../Engine/Content/MobileResources/T_MobileMenu2.uasset" 298
"../../../Engine/Content/MobileResources/T_MobileMenu2.uexp" 299
"../../../Engine/Content/MobileResources/HUD/AnalogHat.uasset" 300
"../../../Engine/Content/MobileResources/HUD/AnalogHat.uexp" 301
"../../../Engine/Content/MobileResources/HUD/VirtualJoystick_Thumb.uasset" 302
"../../../Engine/Content/MobileResources/HUD/VirtualJoystick_Thumb.uexp" 303
"../../../Engine/Content/MobileResources/HUD/VirtualJoystick_Background.uasset" 304
"../../../Engine/Content/MobileResources/HUD/VirtualJoystick_Background.uexp" 305
"../../../Engine/Content/MobileResources/HUD/DefaultVirtualJoysticks.uasset" 306
"../../../Engine/Content/MobileResources/HUD/DefaultVirtualJoysticks.uexp" 307
"../../../Engine/Content/MobileResources/HUD/LeftVirtualJoystickOnly.uasset" 308
"../../../Engine/Content/MobileResources/HUD/LeftVirtualJoystickOnly.uexp" 309
"../../../Engine/Content/MobileResources/HUD/MobileHUDButton1_off.uasset" 310
"../../../Engine/Content/MobileResources/HUD/MobileHUDButton1_off.uexp" 311
"../../../Engine/Content/MobileResources/HUD/MobileHUDButton1_on.uasset" 312
"../../../Engine/Content/MobileResources/HUD/MobileHUDButton1_on.uexp" 313
"../../../Engine/Content/MobileResources/HUD/MobileHUDButton2_off.uasset" 314
"../../../Engine/Content/MobileResources/HUD/MobileHUDButton2_off.uexp" 315
"../../../Engine/Content/MobileResources/HUD/MobileHUDButton2_on.uasset" 316
"../../../Engine/Content/MobileResources/HUD/MobileHUDButton2_on.uexp" 317
"../../../Engine/Content/MobileResources/HUD/MobileHUDButton3.uasset" 318
"../../../Engine/Content/MobileResources/HUD/MobileHUDButton3.uexp" 319
"../../../Engine/Content/MobileResources/HUD/MobileHUDButtonFire.uasset" 320
"../../../Engine/Content/MobileResources/HUD/MobileHUDButtonFire.uexp" 321
"../../../Engine/Content/MobileResources/HUD/MobileHUDDirectionPad.uasset" 322
"../../../Engine/Content/MobileResources/HUD/MobileHUDDirectionPad.uexp" 323
"../../../Engine/Content/MobileResources/HUD/MobileHUDDirectionPad2.uasset" 324
"../../../Engine/Content/MobileResources/HUD/MobileHUDDirectionPad2.uexp" 325
"../../../Engine/Content/MobileResources/HUD/MobileHUDDirectionPad3.uasset" 326
"../../../Engine/Content/MobileResources/HUD/MobileHUDDirectionPad3.uexp" 327
"../../../Engine/Content/MobileResources/HUD/MobileHUDDirectionStick.uasset" 328
"../../../Engine/Content/MobileResources/HUD/MobileHUDDirectionStick.uexp" 329
"../../../Engine/Content/MobileResources/HUD/T_Castle_ThumbstickInner.uasset" 330
"../../../Engine/Content/MobileResources/HUD/T_Castle_ThumbstickInner.uexp" 331
"../../../Engine/Content/MobileResources/HUD/T_Castle_ThumbstickOutter.uasset" 332
"../../../Engine/Content/MobileResources/HUD/T_Castle_ThumbstickOutter.uexp" 333
"../../../Engine/Content/Tutorial/ContentIntroCurve.uasset" 334
"../../../Engine/Content/Tutorial/ContentIntroCurve.uexp" 335
"../../../Engine/Content/Tutorial/Basics/TutorialAssets/icon_tab_Levels_40x.uasset" 336
"../../../Engine/Content/Tutorial/Basics/TutorialAssets/icon_tab_Levels_40x.uexp" 337
"../../../Engine/Content/Tutorial/BlueprintTutorials/TutorialAssets/Blueprint_64x.uasset" 338
"../../../Engine/Content/Tutorial/BlueprintTutorials/TutorialAssets/Blueprint_64x.uexp" 339
"../../../Engine/Content/Tutorial/SubEditors/TutorialAssets/T_soft_smoke.uasset" 340
"../../../Engine/Content/Tutorial/SubEditors/TutorialAssets/T_soft_smoke.uexp" 341
"../../../Engine/Content/Tutorial/SubEditors/TutorialAssets/T_SmokeSubUV_8X8.uasset" 342
"../../../Engine/Content/Tutorial/SubEditors/TutorialAssets/T_SmokeSubUV_8X8.uexp" 343
"../../../Engine/Content/Tutorial/SubEditors/TutorialAssets/M_smoke_subUV_blackbody.uasset" 344
"../../../Engine/Content/Tutorial/SubEditors/TutorialAssets/M_smoke_subUV_blackbody.uexp" 345
"../../../Engine/Content/Tutorial/SubEditors/TutorialAssets/TutorialParticleSystem.uasset" 346
"../../../Engine/Content/Tutorial/SubEditors/TutorialAssets/TutorialParticleSystem.uexp" 347
"../../../Engine/Content/VREditor/TransformGizmo/TranslucentTransformGizmoMaterial.uasset" 348
"../../../Engine/Content/VREditor/TransformGizmo/TranslucentTransformGizmoMaterial.uexp" 349
"../../../Engine/Content/VREditor/LaserPointer/VR_LaserPower_01.uasset" 350
"../../../Engine/Content/VREditor/LaserPointer/VR_LaserPower_01.uexp" 351
"../../../Engine/Content/VREditor/TransformGizmo/TransformGizmoMaterial.uasset" 352
"../../../Engine/Content/VREditor/TransformGizmo/TransformGizmoMaterial.uexp" 353
"../../../Engine/Content/VREditor/TransformGizmo/BoundingBoxCorner.uasset" 354
"../../../Engine/Content/VREditor/TransformGizmo/BoundingBoxCorner.uexp" 355
"../../../Engine/Content/VREditor/TransformGizmo/BoundingBoxEdge.uasset" 356
"../../../Engine/Content/VREditor/TransformGizmo/BoundingBoxEdge.uexp" 357
"../../../Engine/Content/VREditor/TransformGizmo/PlaneTranslationHandle.uasset" 358
"../../../Engine/Content/VREditor/TransformGizmo/PlaneTranslationHandle.uexp" 359
"../../../Engine/Content/VREditor/TransformGizmo/Xray.uasset" 360
"../../../Engine/Content/VREditor/TransformGizmo/Xray.uexp" 361
"../../../Engine/Content/VREditor/TransformGizmo/Main.uasset" 362
"../../../Engine/Content/VREditor/TransformGizmo/Main.uexp" 363
"../../../Engine/Content/VREditor/TransformGizmo/SM_Sequencer_Key.uasset" 364
"../../../Engine/Content/VREditor/TransformGizmo/SM_Sequencer_Key.uexp" 365
"../../../Engine/Content/VREditor/TransformGizmo/SM_Sequencer_Node.uasset" 366
"../../../Engine/Content/VREditor/TransformGizmo/SM_Sequencer_Node.uexp" 367
"../../../Engine/Plugins/2D/Paper2D/Content/PlaceholderTextures/DummySpriteTexture.uasset" 368
"../../../Engine/Plugins/2D/Paper2D/Content/PlaceholderTextures/DummySpriteTexture.uexp" 369
"../../../Engine/Plugins/2D/Paper2D/Content/DummySprite.uasset" 370
"../../../Engine/Plugins/2D/Paper2D/Content/DummySprite.uexp" 371
"../../../Engine/Plugins/2D/Paper2D/Content/DefaultPaperTerrainMaterial.uasset" 372
"../../../Engine/Plugins/2D/Paper2D/Content/DefaultPaperTerrainMaterial.uexp" 373
"../../../Engine/Plugins/2D/Paper2D/Content/DefaultSpriteMaterial.uasset" 374
"../../../Engine/Plugins/2D/Paper2D/Content/DefaultSpriteMaterial.uexp" 375
"../../../Engine/Plugins/2D/Paper2D/Content/MaskedUnlitSpriteMaterial.uasset" 376
"../../../Engine/Plugins/2D/Paper2D/Content/MaskedUnlitSpriteMaterial.uexp" 377
"../../../Engine/Plugins/2D/Paper2D/Content/OpaqueUnlitSpriteMaterial.uasset" 378
"../../../Engine/Plugins/2D/Paper2D/Content/OpaqueUnlitSpriteMaterial.uexp" 379
"../../../Engine/Content/Functions/Engine_MaterialFunctions02/Utility/BreakOutFloat3Components.uasset" 380
"../../../Engine/Content/Functions/Engine_MaterialFunctions02/Utility/BreakOutFloat3Components.uexp" 381
"../../../Engine/Content/Functions/Engine_MaterialFunctions02/Utility/VectorLength.uasset" 382
"../../../Engine/Content/Functions/Engine_MaterialFunctions02/Utility/VectorLength.uexp" 383
"../../../Engine/Content/Functions/Engine_MaterialFunctions02/WorldPositionOffset/ObjectScale.uasset" 384
"../../../Engine/Content/Functions/Engine_MaterialFunctions02/WorldPositionOffset/ObjectScale.uexp" 385
"../../../Engine/Content/Functions/Engine_MaterialFunctions02/ObjectLocalBounds.uasset" 386
"../../../Engine/Content/Functions/Engine_MaterialFunctions02/ObjectLocalBounds.uexp" 387
"../../../Engine/Plugins/Editor/SpeedTreeImporter/Content/SpeedTree9/UnpackInteger3.uasset" 388
"../../../Engine/Plugins/Editor/SpeedTreeImporter/Content/SpeedTree9/UnpackInteger3.uexp" 389
"../../../Engine/Plugins/Editor/SpeedTreeImporter/Content/SpeedTree9/UnpackDirection.uasset" 390
"../../../Engine/Plugins/Editor/SpeedTreeImporter/Content/SpeedTree9/UnpackDirection.uexp" 391
"../../../Engine/Plugins/Editor/SpeedTreeImporter/Content/SpeedTree9/game_wind_noise.uasset" 392
"../../../Engine/Plugins/Editor/SpeedTreeImporter/Content/SpeedTree9/game_wind_noise.uexp" 393
"../../../Engine/Content/Functions/Engine_MaterialFunctions02/SafeNormalize.uasset" 394
"../../../Engine/Content/Functions/Engine_MaterialFunctions02/SafeNormalize.uexp" 395
"../../../Engine/Plugins/Editor/SpeedTreeImporter/Content/SpeedTree9/SpeedTreeWindMotion.uasset" 396
"../../../Engine/Plugins/Editor/SpeedTreeImporter/Content/SpeedTree9/SpeedTreeWindMotion.uexp" 397
"../../../Engine/Plugins/Editor/SpeedTreeImporter/Content/SpeedTree9/SpeedTreeBranchMotion.uasset" 398
"../../../Engine/Plugins/Editor/SpeedTreeImporter/Content/SpeedTree9/SpeedTreeBranchMotion.uexp" 399
"../../../Engine/Content/Functions/Engine_MaterialFunctions02/UVs/BoundingBoxBased_0-1_UVW.uasset" 400
"../../../Engine/Content/Functions/Engine_MaterialFunctions02/UVs/BoundingBoxBased_0-1_UVW.uexp" 401
"../../../Engine/Plugins/Editor/SpeedTreeImporter/Content/SpeedTree9/SpeedTreeWind.uasset" 402
"../../../Engine/Plugins/Editor/SpeedTreeImporter/Content/SpeedTree9/SpeedTreeWind.uexp" 403
"../../../Engine/Plugins/Editor/SpeedTreeImporter/Content/SpeedTree9/SpeedTreeBillboard.uasset" 404
"../../../Engine/Plugins/Editor/SpeedTreeImporter/Content/SpeedTree9/SpeedTreeBillboard.uexp" 405
"../../../Engine/Plugins/Editor/SpeedTreeImporter/Content/SpeedTree9/EmptyNormal.uasset" 406
"../../../Engine/Plugins/Editor/SpeedTreeImporter/Content/SpeedTree9/EmptyNormal.uexp" 407
"../../../Engine/Plugins/Editor/SpeedTreeImporter/Content/SpeedTree9/Empty.uasset" 408
"../../../Engine/Plugins/Editor/SpeedTreeImporter/Content/SpeedTree9/Empty.uexp" 409
"../../../Engine/Plugins/Editor/SpeedTreeImporter/Content/SpeedTree9/SpeedTreeBillboardMaster.uasset" 410
"../../../Engine/Plugins/Editor/SpeedTreeImporter/Content/SpeedTree9/SpeedTreeBillboardMaster.uexp" 411
"../../../Engine/Plugins/Editor/SpeedTreeImporter/Content/SpeedTree9/SpeedTreeCameraFacing.uasset" 412
"../../../Engine/Plugins/Editor/SpeedTreeImporter/Content/SpeedTree9/SpeedTreeCameraFacing.uexp" 413
"../../../Engine/Plugins/Editor/SpeedTreeImporter/Content/SpeedTree9/SpeedTreeMaster.uasset" 414
"../../../Engine/Plugins/Editor/SpeedTreeImporter/Content/SpeedTree9/SpeedTreeMaster.uexp" 415
"../../../Engine/Content/BasicShapes/Cylinder.uasset" 416
"../../../Engine/Content/BasicShapes/Cylinder.uexp" 417
"../../../Engine/Content/ArtTools/RenderToTexture/Materials/Debug/M_Emissive_Color.uasset" 418
"../../../Engine/Content/ArtTools/RenderToTexture/Materials/Debug/M_Emissive_Color.uexp" 419
"../../../Engine/Plugins/Lumin/MagicLeapPassableWorld/Content/MagicLeapARPinInfoActor.uasset" 420
"../../../Engine/Plugins/Lumin/MagicLeapPassableWorld/Content/MagicLeapARPinInfoActor.uexp" 421
"../../../Engine/Plugins/Runtime/OpenXR/Content/Devices/GoogleDaydream/MRTexture.uasset" 422
"../../../Engine/Plugins/Runtime/OpenXR/Content/Devices/GoogleDaydream/MRTexture.uexp" 423
"../../../Engine/Plugins/Runtime/OpenXR/Content/Devices/GoogleDaydream/BaseTexture.uasset" 424
"../../../Engine/Plugins/Runtime/OpenXR/Content/Devices/GoogleDaydream/BaseTexture.uexp" 425
"../../../Engine/Content/EngineResources/Black.uasset" 426
"../../../Engine/Content/EngineResources/Black.uexp" 427
"../../../Engine/Plugins/Runtime/OpenXR/Content/Devices/M_XRController.uasset" 428
"../../../Engine/Plugins/Runtime/OpenXR/Content/Devices/M_XRController.uexp" 429
"../../../Engine/Plugins/Runtime/OpenXR/Content/Devices/GoogleDaydream/MI_GoogleDaydream.uasset" 430
"../../../Engine/Plugins/Runtime/OpenXR/Content/Devices/GoogleDaydream/MI_GoogleDaydream.uexp" 431
"../../../Engine/Plugins/Runtime/OpenXR/Content/Devices/GoogleDaydream/GoogleDaydreamController.uasset" 432
"../../../Engine/Plugins/Runtime/OpenXR/Content/Devices/GoogleDaydream/GoogleDaydreamController.uexp" 433
"../../../Engine/Plugins/Runtime/OpenXR/Content/Devices/HTCVive/BaseTexture.uasset" 434
"../../../Engine/Plugins/Runtime/OpenXR/Content/Devices/HTCVive/BaseTexture.uexp" 435
"../../../Engine/Plugins/Runtime/OpenXR/Content/Devices/HTCVive/MI_HTCVive.uasset" 436
"../../../Engine/Plugins/Runtime/OpenXR/Content/Devices/HTCVive/MI_HTCVive.uexp" 437
"../../../Engine/Plugins/Runtime/OpenXR/Content/Devices/HTCVive/HTCViveController.uasset" 438
"../../../Engine/Plugins/Runtime/OpenXR/Content/Devices/HTCVive/HTCViveController.uexp" 439
"../../../Engine/Plugins/Runtime/OpenXR/Content/Devices/MicrosoftMixedReality/NormalTexture.uasset" 440
"../../../Engine/Plugins/Runtime/OpenXR/Content/Devices/MicrosoftMixedReality/NormalTexture.uexp" 441
"../../../Engine/Plugins/Runtime/OpenXR/Content/Devices/MicrosoftMixedReality/MRTexture.uasset" 442
"../../../Engine/Plugins/Runtime/OpenXR/Content/Devices/MicrosoftMixedReality/MRTexture.uexp" 443
"../../../Engine/Plugins/Runtime/OpenXR/Content/Devices/MicrosoftMixedReality/EmissiveTexture.uasset" 444
"../../../Engine/Plugins/Runtime/OpenXR/Content/Devices/MicrosoftMixedReality/EmissiveTexture.uexp" 445
"../../../Engine/Plugins/Runtime/OpenXR/Content/Devices/MicrosoftMixedReality/BaseTexture.uasset" 446
"../../../Engine/Plugins/Runtime/OpenXR/Content/Devices/MicrosoftMixedReality/BaseTexture.uexp" 447
"../../../Engine/Plugins/Runtime/OpenXR/Content/Devices/MicrosoftMixedReality/MI_MicrosoftMixedReality.uasset" 448
"../../../Engine/Plugins/Runtime/OpenXR/Content/Devices/MicrosoftMixedReality/MI_MicrosoftMixedReality.uexp" 449
"../../../Engine/Plugins/Runtime/OpenXR/Content/Devices/MicrosoftMixedReality/Left/left_MicrosoftMixedRealityController.uasset" 450
"../../../Engine/Plugins/Runtime/OpenXR/Content/Devices/MicrosoftMixedReality/Left/left_MicrosoftMixedRealityController.uexp" 451
"../../../Engine/Plugins/Runtime/OpenXR/Content/Devices/MicrosoftMixedReality/Right/right_MicrosoftMixedRealityController.uasset" 452
"../../../Engine/Plugins/Runtime/OpenXR/Content/Devices/MicrosoftMixedReality/Right/right_MicrosoftMixedRealityController.uexp" 453
"../../../Engine/Plugins/Runtime/OpenXR/Content/Devices/OculusGo/BaseTexture.uasset" 454
"../../../Engine/Plugins/Runtime/OpenXR/Content/Devices/OculusGo/BaseTexture.uexp" 455
"../../../Engine/Plugins/Runtime/OpenXR/Content/Devices/OculusGo/MI_OculusGo.uasset" 456
"../../../Engine/Plugins/Runtime/OpenXR/Content/Devices/OculusGo/MI_OculusGo.uexp" 457
"../../../Engine/Plugins/Runtime/OpenXR/Content/Devices/OculusGo/OculusGoController.uasset" 458
"../../../Engine/Plugins/Runtime/OpenXR/Content/Devices/OculusGo/OculusGoController.uexp" 459
"../../../Engine/Plugins/Runtime/OpenXR/Content/Devices/OculusTouch/MRTexture.uasset" 460
"../../../Engine/Plugins/Runtime/OpenXR/Content/Devices/OculusTouch/MRTexture.uexp" 461
"../../../Engine/Plugins/Runtime/OpenXR/Content/Devices/OculusTouch/BaseTexture.uasset" 462
"../../../Engine/Plugins/Runtime/OpenXR/Content/Devices/OculusTouch/BaseTexture.uexp" 463
"../../../Engine/Plugins/Runtime/OpenXR/Content/Devices/OculusTouch/MI_OculusTouch.uasset" 464
"../../../Engine/Plugins/Runtime/OpenXR/Content/Devices/OculusTouch/MI_OculusTouch.uexp" 465
"../../../Engine/Plugins/Runtime/OpenXR/Content/Devices/OculusTouch/Left/left_OculusTouchController.uasset" 466
"../../../Engine/Plugins/Runtime/OpenXR/Content/Devices/OculusTouch/Left/left_OculusTouchController.uexp" 467
"../../../Engine/Plugins/Runtime/OpenXR/Content/Devices/OculusTouch/Right/right_OculusTouchController.uasset" 468
"../../../Engine/Plugins/Runtime/OpenXR/Content/Devices/OculusTouch/Right/right_OculusTouchController.uexp" 469
"../../../Engine/Plugins/Runtime/OpenXR/Content/Devices/OculusTouch_v2/MRTexture.uasset" 470
"../../../Engine/Plugins/Runtime/OpenXR/Content/Devices/OculusTouch_v2/MRTexture.uexp" 471
"../../../Engine/Plugins/Runtime/OpenXR/Content/Devices/OculusTouch_v2/BaseTexture.uasset" 472
"../../../Engine/Plugins/Runtime/OpenXR/Content/Devices/OculusTouch_v2/BaseTexture.uexp" 473
"../../../Engine/Plugins/Runtime/OpenXR/Content/Devices/OculusTouch_v2/MI_OculusTouch_v2.uasset" 474
"../../../Engine/Plugins/Runtime/OpenXR/Content/Devices/OculusTouch_v2/MI_OculusTouch_v2.uexp" 475
"../../../Engine/Plugins/Runtime/OpenXR/Content/Devices/OculusTouch_v2/Left/left_OculusTouch_v2Controller.uasset" 476
"../../../Engine/Plugins/Runtime/OpenXR/Content/Devices/OculusTouch_v2/Left/left_OculusTouch_v2Controller.uexp" 477
"../../../Engine/Plugins/Runtime/OpenXR/Content/Devices/OculusTouch_v2/Right/right_OculusTouch_v2Controller.uasset" 478
"../../../Engine/Plugins/Runtime/OpenXR/Content/Devices/OculusTouch_v2/Right/right_OculusTouch_v2Controller.uexp" 479
"../../../Engine/Plugins/Runtime/OpenXR/Content/Devices/OculusTouch_v3/MRTexture.uasset" 480
"../../../Engine/Plugins/Runtime/OpenXR/Content/Devices/OculusTouch_v3/MRTexture.uexp" 481
"../../../Engine/Plugins/Runtime/OpenXR/Content/Devices/OculusTouch_v3/BaseTexture.uasset" 482
"../../../Engine/Plugins/Runtime/OpenXR/Content/Devices/OculusTouch_v3/BaseTexture.uexp" 483
"../../../Engine/Plugins/Runtime/OpenXR/Content/Devices/OculusTouch_v3/MI_OculusTouch_v3.uasset" 484
"../../../Engine/Plugins/Runtime/OpenXR/Content/Devices/OculusTouch_v3/MI_OculusTouch_v3.uexp" 485
"../../../Engine/Plugins/Runtime/OpenXR/Content/Devices/OculusTouch_v3/Left/left_OculusTouch_v3Controller.uasset" 486
"../../../Engine/Plugins/Runtime/OpenXR/Content/Devices/OculusTouch_v3/Left/left_OculusTouch_v3Controller.uexp" 487
"../../../Engine/Plugins/Runtime/OpenXR/Content/Devices/OculusTouch_v3/Right/right_OculusTouch_v3Controller.uasset" 488
"../../../Engine/Plugins/Runtime/OpenXR/Content/Devices/OculusTouch_v3/Right/right_OculusTouch_v3Controller.uexp" 489
"../../../Engine/Plugins/Runtime/OpenXR/Content/Devices/ValveIndex/MRTexture.uasset" 490
"../../../Engine/Plugins/Runtime/OpenXR/Content/Devices/ValveIndex/MRTexture.uexp" 491
"../../../Engine/Plugins/Runtime/OpenXR/Content/Devices/ValveIndex/BaseTexture.uasset" 492
"../../../Engine/Plugins/Runtime/OpenXR/Content/Devices/ValveIndex/BaseTexture.uexp" 493
"../../../Engine/Plugins/Runtime/OpenXR/Content/Devices/ValveIndex/Left/MI_left_ValveIndex.uasset" 494
"../../../Engine/Plugins/Runtime/OpenXR/Content/Devices/ValveIndex/Left/MI_left_ValveIndex.uexp" 495
"../../../Engine/Plugins/Runtime/OpenXR/Content/Devices/ValveIndex/Left/left_ValveIndexController.uasset" 496
"../../../Engine/Plugins/Runtime/OpenXR/Content/Devices/ValveIndex/Left/left_ValveIndexController.uexp" 497
"../../../Engine/Plugins/Runtime/OpenXR/Content/Devices/ValveIndex/Right/MI_right_ValveIndex.uasset" 498
"../../../Engine/Plugins/Runtime/OpenXR/Content/Devices/ValveIndex/Right/MI_right_ValveIndex.uexp" 499
"../../../Engine/Plugins/Runtime/OpenXR/Content/Devices/ValveIndex/Right/right_ValveIndexController.uasset" 500
"../../../Engine/Plugins/Runtime/OpenXR/Content/Devices/ValveIndex/Right/right_ValveIndexController.uexp" 501
"../../../Engine/Content/Functions/Engine_MaterialFunctions02/Utility/MakeFloat3.uasset" 502
"../../../Engine/Content/Functions/Engine_MaterialFunctions02/Utility/MakeFloat3.uexp" 503
"../../../Engine/Content/Functions/Engine_MaterialFunctions02/Utility/BreakOutFloat4Components.uasset" 504
"../../../Engine/Content/Functions/Engine_MaterialFunctions02/Utility/BreakOutFloat4Components.uexp" 505
"../../../Engine/Plugins/Runtime/Oculus/OculusVR/Content/Materials/OculusMR_ChromaKey.uasset" 506
"../../../Engine/Plugins/Runtime/Oculus/OculusVR/Content/Materials/OculusMR_ChromaKey.uexp" 507
"../../../Engine/Plugins/Runtime/Oculus/OculusVR/Content/Materials/OculusMR_OpaqueColoredMaterial.uasset" 508
"../../../Engine/Plugins/Runtime/Oculus/OculusVR/Content/Materials/OculusMR_OpaqueColoredMaterial.uexp" 509
"../../../Engine/Plugins/Runtime/Oculus/OculusVR/Content/Materials/PokeAHoleMaterial.uasset" 510
"../../../Engine/Plugins/Runtime/Oculus/OculusVR/Content/Materials/PokeAHoleMaterial.uexp" 511
"../../../Engine/Plugins/Runtime/Oculus/OculusVR/Content/Textures/touchController_controlmap.uasset" 512
"../../../Engine/Plugins/Runtime/Oculus/OculusVR/Content/Textures/touchController_controlmap.uexp" 513
"../../../Engine/Plugins/Runtime/Oculus/OculusVR/Content/Textures/touchController_albedo.uasset" 514
"../../../Engine/Plugins/Runtime/Oculus/OculusVR/Content/Textures/touchController_albedo.uexp" 515
"../../../Engine/Plugins/Runtime/Oculus/OculusVR/Content/Materials/touchController_mat.uasset" 516
"../../../Engine/Plugins/Runtime/Oculus/OculusVR/Content/Materials/touchController_mat.uexp" 517
"../../../Engine/Plugins/Runtime/Oculus/OculusVR/Content/Meshes/LeftTouchController.uasset" 518
"../../../Engine/Plugins/Runtime/Oculus/OculusVR/Content/Meshes/LeftTouchController.uexp" 519
"../../../Engine/Plugins/Runtime/Oculus/OculusVR/Content/Textures/TouchForQuestRiftSController_albedo.uasset" 520
"../../../Engine/Plugins/Runtime/Oculus/OculusVR/Content/Textures/TouchForQuestRiftSController_albedo.uexp" 521
"../../../Engine/Plugins/Runtime/Oculus/OculusVR/Content/Materials/TouchForQuestRiftSControllerMaterial.uasset" 522
"../../../Engine/Plugins/Runtime/Oculus/OculusVR/Content/Materials/TouchForQuestRiftSControllerMaterial.uexp" 523
"../../../Engine/Plugins/Runtime/Oculus/OculusVR/Content/Meshes/LeftTouchForQuestRiftSController.uasset" 524
"../../../Engine/Plugins/Runtime/Oculus/OculusVR/Content/Meshes/LeftTouchForQuestRiftSController.uexp" 525
"../../../Engine/Plugins/Runtime/Oculus/OculusVR/Content/Meshes/RiftHMD.uasset" 526
"../../../Engine/Plugins/Runtime/Oculus/OculusVR/Content/Meshes/RiftHMD.uexp" 527
"../../../Engine/Plugins/Runtime/Oculus/OculusVR/Content/Meshes/RightTouchController.uasset" 528
"../../../Engine/Plugins/Runtime/Oculus/OculusVR/Content/Meshes/RightTouchController.uexp" 529
"../../../Engine/Plugins/Runtime/Oculus/OculusVR/Content/Meshes/RightTouchForQuestRiftSController.uasset" 530
"../../../Engine/Plugins/Runtime/Oculus/OculusVR/Content/Meshes/RightTouchForQuestRiftSController.uexp" 531
"D:/GameDev/Unreal/Quake/Content/Levels/BloodrunDeathmatch_BuiltData.uasset" 532
"D:/GameDev/Unreal/Quake/Content/Levels/BloodrunDeathmatch_BuiltData.uexp" 533
"D:/GameDev/Unreal/Quake/Content/Assets/Maps/Materials/T_Bloodrun00.uasset" 534
"D:/GameDev/Unreal/Quake/Content/Assets/Maps/Materials/T_Bloodrun00.uexp" 535
"D:/GameDev/Unreal/Quake/Content/Assets/Maps/Materials/M_Bloodrun00.uasset" 536
"D:/GameDev/Unreal/Quake/Content/Assets/Maps/Materials/M_Bloodrun00.uexp" 537
"D:/GameDev/Unreal/Quake/Content/Assets/Maps/Materials/T_Bloodrun07.uasset" 538
"D:/GameDev/Unreal/Quake/Content/Assets/Maps/Materials/T_Bloodrun07.uexp" 539
"D:/GameDev/Unreal/Quake/Content/Assets/Maps/Materials/M_Bloodrun007.uasset" 540
"D:/GameDev/Unreal/Quake/Content/Assets/Maps/Materials/M_Bloodrun007.uexp" 541
"D:/GameDev/Unreal/Quake/Content/Assets/Maps/Materials/T_Bloodrun01.uasset" 542
"D:/GameDev/Unreal/Quake/Content/Assets/Maps/Materials/T_Bloodrun01.uexp" 543
"D:/GameDev/Unreal/Quake/Content/Assets/Maps/Materials/M_Bloodrun01.uasset" 544
"D:/GameDev/Unreal/Quake/Content/Assets/Maps/Materials/M_Bloodrun01.uexp" 545
"D:/GameDev/Unreal/Quake/Content/Assets/Maps/Materials/T_Bloodrun02.uasset" 546
"D:/GameDev/Unreal/Quake/Content/Assets/Maps/Materials/T_Bloodrun02.uexp" 547
"D:/GameDev/Unreal/Quake/Content/Assets/Maps/Materials/M_Bloodrun02.uasset" 548
"D:/GameDev/Unreal/Quake/Content/Assets/Maps/Materials/M_Bloodrun02.uexp" 549
"D:/GameDev/Unreal/Quake/Content/Assets/Maps/Materials/T_Bloodrun22.uasset" 550
"D:/GameDev/Unreal/Quake/Content/Assets/Maps/Materials/T_Bloodrun22.uexp" 551
"D:/GameDev/Unreal/Quake/Content/Assets/Maps/Materials/M_Bloodrun22.uasset" 552
"D:/GameDev/Unreal/Quake/Content/Assets/Maps/Materials/M_Bloodrun22.uexp" 553
"D:/GameDev/Unreal/Quake/Content/Assets/Maps/Materials/T_Bloodrun03.uasset" 554
"D:/GameDev/Unreal/Quake/Content/Assets/Maps/Materials/T_Bloodrun03.uexp" 555
"D:/GameDev/Unreal/Quake/Content/Assets/Maps/Materials/M_Bloodrun03.uasset" 556
"D:/GameDev/Unreal/Quake/Content/Assets/Maps/Materials/M_Bloodrun03.uexp" 557
"D:/GameDev/Unreal/Quake/Content/Assets/Maps/Materials/T_Bloodrun04.uasset" 558
"D:/GameDev/Unreal/Quake/Content/Assets/Maps/Materials/T_Bloodrun04.uexp" 559
"D:/GameDev/Unreal/Quake/Content/Assets/Maps/Materials/M_Bloodrun04.uasset" 560
"D:/GameDev/Unreal/Quake/Content/Assets/Maps/Materials/M_Bloodrun04.uexp" 561
"D:/GameDev/Unreal/Quake/Content/Assets/Maps/Materials/T_Bloodrun05.uasset" 562
"D:/GameDev/Unreal/Quake/Content/Assets/Maps/Materials/T_Bloodrun05.uexp" 563
"D:/GameDev/Unreal/Quake/Content/Assets/Maps/Materials/M_Bloodrun05.uasset" 564
"D:/GameDev/Unreal/Quake/Content/Assets/Maps/Materials/M_Bloodrun05.uexp" 565
"D:/GameDev/Unreal/Quake/Content/Assets/Maps/Materials/T_Bloodrun06.uasset" 566
"D:/GameDev/Unreal/Quake/Content/Assets/Maps/Materials/T_Bloodrun06.uexp" 567
"D:/GameDev/Unreal/Quake/Content/Assets/Maps/Materials/M_Bloodrun06.uasset" 568
"D:/GameDev/Unreal/Quake/Content/Assets/Maps/Materials/M_Bloodrun06.uexp" 569
"D:/GameDev/Unreal/Quake/Content/Assets/Maps/Materials/T_Bloodrun08.uasset" 570
"D:/GameDev/Unreal/Quake/Content/Assets/Maps/Materials/T_Bloodrun08.uexp" 571
"D:/GameDev/Unreal/Quake/Content/Assets/Maps/Materials/M_Bloodrun08.uasset" 572
"D:/GameDev/Unreal/Quake/Content/Assets/Maps/Materials/M_Bloodrun08.uexp" 573
"D:/GameDev/Unreal/Quake/Content/Assets/Maps/Materials/T_Bloodrun09.uasset" 574
"D:/GameDev/Unreal/Quake/Content/Assets/Maps/Materials/T_Bloodrun09.uexp" 575
"D:/GameDev/Unreal/Quake/Content/Assets/Maps/Materials/M_Bloodrun09.uasset" 576
"D:/GameDev/Unreal/Quake/Content/Assets/Maps/Materials/M_Bloodrun09.uexp" 577
"D:/GameDev/Unreal/Quake/Content/Assets/Maps/Materials/T_Bloodrun10.uasset" 578
"D:/GameDev/Unreal/Quake/Content/Assets/Maps/Materials/T_Bloodrun10.uexp" 579
"D:/GameDev/Unreal/Quake/Content/Assets/Maps/Materials/M_Bloodrun10.uasset" 580
"D:/GameDev/Unreal/Quake/Content/Assets/Maps/Materials/M_Bloodrun10.uexp" 581
"D:/GameDev/Unreal/Quake/Content/Assets/Maps/Materials/T_Bloodrun11.uasset" 582
"D:/GameDev/Unreal/Quake/Content/Assets/Maps/Materials/T_Bloodrun11.uexp" 583
"D:/GameDev/Unreal/Quake/Content/Assets/Maps/Materials/M_Bloodrun11.uasset" 584
"D:/GameDev/Unreal/Quake/Content/Assets/Maps/Materials/M_Bloodrun11.uexp" 585
"D:/GameDev/Unreal/Quake/Content/Assets/Maps/Materials/T_Bloodrun12.uasset" 586
"D:/GameDev/Unreal/Quake/Content/Assets/Maps/Materials/T_Bloodrun12.uexp" 587
"D:/GameDev/Unreal/Quake/Content/Assets/Maps/Materials/M_Bloodrun12.uasset" 588
"D:/GameDev/Unreal/Quake/Content/Assets/Maps/Materials/M_Bloodrun12.uexp" 589
"D:/GameDev/Unreal/Quake/Content/Assets/Maps/Materials/T_Bloodrun13.uasset" 590
"D:/GameDev/Unreal/Quake/Content/Assets/Maps/Materials/T_Bloodrun13.uexp" 591
"D:/GameDev/Unreal/Quake/Content/Assets/Maps/Materials/M_Bloodrun13.uasset" 592
"D:/GameDev/Unreal/Quake/Content/Assets/Maps/Materials/M_Bloodrun13.uexp" 593
"D:/GameDev/Unreal/Quake/Content/Assets/Maps/Materials/T_Bloodrun14.uasset" 594
"D:/GameDev/Unreal/Quake/Content/Assets/Maps/Materials/T_Bloodrun14.uexp" 595
"D:/GameDev/Unreal/Quake/Content/Assets/Maps/Materials/M_Bloodrun14.uasset" 596
"D:/GameDev/Unreal/Quake/Content/Assets/Maps/Materials/M_Bloodrun14.uexp" 597
"D:/GameDev/Unreal/Quake/Content/Assets/Maps/Materials/T_Bloodrun15.uasset" 598
"D:/GameDev/Unreal/Quake/Content/Assets/Maps/Materials/T_Bloodrun15.uexp" 599
"D:/GameDev/Unreal/Quake/Content/Assets/Maps/Materials/M_Bloodrun15.uasset" 600
"D:/GameDev/Unreal/Quake/Content/Assets/Maps/Materials/M_Bloodrun15.uexp" 601
"D:/GameDev/Unreal/Quake/Content/Assets/Maps/Materials/T_Bloodrun16.uasset" 602
"D:/GameDev/Unreal/Quake/Content/Assets/Maps/Materials/T_Bloodrun16.uexp" 603
"D:/GameDev/Unreal/Quake/Content/Assets/Maps/Materials/M_Bloodrun16.uasset" 604
"D:/GameDev/Unreal/Quake/Content/Assets/Maps/Materials/M_Bloodrun16.uexp" 605
"D:/GameDev/Unreal/Quake/Content/Assets/Maps/Materials/T_Bloodrun17.uasset" 606
"D:/GameDev/Unreal/Quake/Content/Assets/Maps/Materials/T_Bloodrun17.uexp" 607
"D:/GameDev/Unreal/Quake/Content/Assets/Maps/Materials/M_Bloodrun17.uasset" 608
"D:/GameDev/Unreal/Quake/Content/Assets/Maps/Materials/M_Bloodrun17.uexp" 609
"D:/GameDev/Unreal/Quake/Content/Assets/Maps/Materials/T_Bloodrun18.uasset" 610
"D:/GameDev/Unreal/Quake/Content/Assets/Maps/Materials/T_Bloodrun18.uexp" 611
"D:/GameDev/Unreal/Quake/Content/Assets/Maps/Materials/M_Bloodrun18.uasset" 612
"D:/GameDev/Unreal/Quake/Content/Assets/Maps/Materials/M_Bloodrun18.uexp" 613
"D:/GameDev/Unreal/Quake/Content/Assets/Maps/Materials/T_Bloodrun19.uasset" 614
"D:/GameDev/Unreal/Quake/Content/Assets/Maps/Materials/T_Bloodrun19.uexp" 615
"D:/GameDev/Unreal/Quake/Content/Assets/Maps/Materials/M_Bloodrun19.uasset" 616
"D:/GameDev/Unreal/Quake/Content/Assets/Maps/Materials/M_Bloodrun19.uexp" 617
"D:/GameDev/Unreal/Quake/Content/Assets/Maps/Materials/T_Bloodrun20.uasset" 618
"D:/GameDev/Unreal/Quake/Content/Assets/Maps/Materials/T_Bloodrun20.uexp" 619
"D:/GameDev/Unreal/Quake/Content/Assets/Maps/Materials/M_Bloodrun20.uasset" 620
"D:/GameDev/Unreal/Quake/Content/Assets/Maps/Materials/M_Bloodrun20.uexp" 621
"D:/GameDev/Unreal/Quake/Content/Assets/Maps/Materials/T_Bloodrun21.uasset" 622
"D:/GameDev/Unreal/Quake/Content/Assets/Maps/Materials/T_Bloodrun21.uexp" 623
"D:/GameDev/Unreal/Quake/Content/Assets/Maps/Materials/M_Bloodrun21.uasset" 624
"D:/GameDev/Unreal/Quake/Content/Assets/Maps/Materials/M_Bloodrun21.uexp" 625
"D:/GameDev/Unreal/Quake/Content/Assets/Maps/Materials/T_Bloodrun23.uasset" 626
"D:/GameDev/Unreal/Quake/Content/Assets/Maps/Materials/T_Bloodrun23.uexp" 627
"D:/GameDev/Unreal/Quake/Content/Assets/Maps/Materials/M_Bloodrun23.uasset" 628
"D:/GameDev/Unreal/Quake/Content/Assets/Maps/Materials/M_Bloodrun23.uexp" 629
"D:/GameDev/Unreal/Quake/Content/Assets/Maps/Materials/T_Bloodrun24.uasset" 630
"D:/GameDev/Unreal/Quake/Content/Assets/Maps/Materials/T_Bloodrun24.uexp" 631
"D:/GameDev/Unreal/Quake/Content/Assets/Maps/Materials/M_Bloodrun24.uasset" 632
"D:/GameDev/Unreal/Quake/Content/Assets/Maps/Materials/M_Bloodrun24.uexp" 633
"D:/GameDev/Unreal/Quake/Content/Assets/Maps/Materials/T_Bloodrun26.uasset" 634
"D:/GameDev/Unreal/Quake/Content/Assets/Maps/Materials/T_Bloodrun26.uexp" 635
"D:/GameDev/Unreal/Quake/Content/Assets/Maps/Materials/M_Bloodrun26.uasset" 636
"D:/GameDev/Unreal/Quake/Content/Assets/Maps/Materials/M_Bloodrun26.uexp" 637
"D:/GameDev/Unreal/Quake/Content/Assets/Maps/Materials/T_Bloodrun27.uasset" 638
"D:/GameDev/Unreal/Quake/Content/Assets/Maps/Materials/T_Bloodrun27.uexp" 639
"D:/GameDev/Unreal/Quake/Content/Assets/Maps/Materials/M_Bloodrun27.uasset" 640
"D:/GameDev/Unreal/Quake/Content/Assets/Maps/Materials/M_Bloodrun27.uexp" 641
"D:/GameDev/Unreal/Quake/Content/Assets/Maps/SM_Bloodrun.uasset" 642
"D:/GameDev/Unreal/Quake/Content/Assets/Maps/SM_Bloodrun.uexp" 643
"D:/GameDev/Unreal/Quake/Content/Levels/BloodrunDeathmatch.uexp" 644
"D:/GameDev/Unreal/Quake/Content/Levels/BloodrunDeathmatch.umap" 645
"D:/GameDev/Unreal/Quake/Content/Levels/MainMenu_BuiltData.uasset" 646
"D:/GameDev/Unreal/Quake/Content/Levels/MainMenu_BuiltData.uexp" 647
"D:/GameDev/Unreal/Quake/Content/Levels/MainMenu.uexp" 648
"D:/GameDev/Unreal/Quake/Content/Levels/MainMenu.umap" 649
"D:/GameDev/Unreal/Quake/Content/Levels/SessionLobby_BuiltData.uasset" 650
"D:/GameDev/Unreal/Quake/Content/Levels/SessionLobby_BuiltData.uexp" 651
"D:/GameDev/Unreal/Quake/Content/Blueprints/UI/Menus/MainMenu/WBP_SessionPlayerDisplay.uasset" 652
"D:/GameDev/Unreal/Quake/Content/Blueprints/UI/Menus/MainMenu/WBP_SessionPlayerDisplay.uexp" 653
"D:/GameDev/Unreal/Quake/Content/Blueprints/UI/Menus/MainMenu/WBP_GameLobby.uasset" 654
"D:/GameDev/Unreal/Quake/Content/Blueprints/UI/Menus/MainMenu/WBP_GameLobby.uexp" 655
"D:/GameDev/Unreal/Quake/Content/Blueprints/Player/BP_MenuController.uasset" 656
"D:/GameDev/Unreal/Quake/Content/Blueprints/Player/BP_MenuController.uexp" 657
"D:/GameDev/Unreal/Quake/Content/Blueprints/Game/GS_GameLobby.uasset" 658
"D:/GameDev/Unreal/Quake/Content/Blueprints/Game/GS_GameLobby.uexp" 659
"D:/GameDev/Unreal/Quake/Content/Blueprints/Game/GM_GameLobby.uasset" 660
"D:/GameDev/Unreal/Quake/Content/Blueprints/Game/GM_GameLobby.uexp" 661
"D:/GameDev/Unreal/Quake/Content/Levels/SessionLobby.uexp" 662
"D:/GameDev/Unreal/Quake/Content/Levels/SessionLobby.umap" 663
"D:/GameDev/Unreal/Quake/Content/Assets/UI/Transitions/T_BloodrunTransition.uasset" 664
"D:/GameDev/Unreal/Quake/Content/Assets/UI/Transitions/T_BloodrunTransition.uexp" 665
"D:/GameDev/Unreal/Quake/Content/Blueprints/UI/Transitions/WBP_LobbyToGameTransition.uasset" 666
"D:/GameDev/Unreal/Quake/Content/Blueprints/UI/Transitions/WBP_LobbyToGameTransition.uexp" 667
"D:/GameDev/Unreal/Quake/Content/Blueprints/UI/Transitions/HUD_LobbyToGameTransition.uasset" 668
"D:/GameDev/Unreal/Quake/Content/Blueprints/UI/Transitions/HUD_LobbyToGameTransition.uexp" 669
"D:/GameDev/Unreal/Quake/Content/Blueprints/Game/GM_LobbyToGameTransition.uasset" 670
"D:/GameDev/Unreal/Quake/Content/Blueprints/Game/GM_LobbyToGameTransition.uexp" 671
"D:/GameDev/Unreal/Quake/Content/Levels/LobbyToGameTransition_BuiltData.uasset" 672
"D:/GameDev/Unreal/Quake/Content/Levels/LobbyToGameTransition_BuiltData.uexp" 673
"D:/GameDev/Unreal/Quake/Content/Levels/LobbyToGameTransition.uexp" 674
"D:/GameDev/Unreal/Quake/Content/Levels/LobbyToGameTransition.umap" 675
